0 info it worked if it ends with ok
1 verbose cli [ '/usr/local/bin/node',
1 verbose cli   '/usr/local/bin/npm',
1 verbose cli   'install',
1 verbose cli   'jsonfn' ]
2 info using npm@4.1.2
3 info using node@v8.0.0-nightly201702124cafa60c99
4 silly loadCurrentTree Starting
5 silly install loadCurrentTree
6 silly install readLocalPackageData
7 silly fetchPackageMetaData jsonfn
8 silly fetchNamedPackageData jsonfn
9 silly mapToRegistry name jsonfn
10 silly mapToRegistry using default registry
11 silly mapToRegistry registry https://registry.npmjs.org/
12 silly mapToRegistry data Result {
12 silly mapToRegistry   raw: 'jsonfn',
12 silly mapToRegistry   scope: null,
12 silly mapToRegistry   escapedName: 'jsonfn',
12 silly mapToRegistry   name: 'jsonfn',
12 silly mapToRegistry   rawSpec: '',
12 silly mapToRegistry   spec: 'latest',
12 silly mapToRegistry   type: 'tag' }
13 silly mapToRegistry uri https://registry.npmjs.org/jsonfn
14 verbose request uri https://registry.npmjs.org/jsonfn
15 verbose request no auth needed
16 info attempt registry request try #1 at 7:18:19 PM
17 verbose request id 9a6504cdb8b61bd5
18 verbose etag W/"5035ca4d-95f"
19 verbose lastModified Thu, 23 Aug 2012 06:14:37 GMT
20 http request GET https://registry.npmjs.org/jsonfn
21 http 304 https://registry.npmjs.org/jsonfn
22 verbose headers { date: 'Tue, 02 May 2017 19:18:22 GMT',
22 verbose headers   via: '1.1 varnish',
22 verbose headers   'cache-control': 'max-age=300',
22 verbose headers   etag: 'W/"5035ca4d-95f"',
22 verbose headers   age: '57',
22 verbose headers   connection: 'keep-alive',
22 verbose headers   'x-served-by': 'cache-lhr6347-LHR',
22 verbose headers   'x-cache': 'HIT',
22 verbose headers   'x-cache-hits': '1',
22 verbose headers   'x-timer': 'S1493752702.301316,VS0,VE2',
22 verbose headers   vary: 'Accept-Encoding' }
23 silly get cb [ 304,
23 silly get   { date: 'Tue, 02 May 2017 19:18:22 GMT',
23 silly get     via: '1.1 varnish',
23 silly get     'cache-control': 'max-age=300',
23 silly get     etag: 'W/"5035ca4d-95f"',
23 silly get     age: '57',
23 silly get     connection: 'keep-alive',
23 silly get     'x-served-by': 'cache-lhr6347-LHR',
23 silly get     'x-cache': 'HIT',
23 silly get     'x-cache-hits': '1',
23 silly get     'x-timer': 'S1493752702.301316,VS0,VE2',
23 silly get     vary: 'Accept-Encoding' } ]
24 verbose etag https://registry.npmjs.org/jsonfn from cache
25 verbose get saving jsonfn to /root/.npm/registry.npmjs.org/jsonfn/.cache.json
26 verbose correctMkdir /root/.npm correctMkdir not in flight; initializing
27 silly install normalizeTree
28 silly loadCurrentTree Finishing
29 silly loadIdealTree Starting
30 silly install loadIdealTree
31 silly cloneCurrentTree Starting
32 silly install cloneCurrentTreeToIdealTree
33 silly cloneCurrentTree Finishing
34 silly loadShrinkwrap Starting
35 silly install loadShrinkwrap
36 silly loadShrinkwrap Finishing
37 silly loadAllDepsIntoIdealTree Starting
38 silly install loadAllDepsIntoIdealTree
39 silly resolveWithNewModule jsonfn@0.31.0 checking installable status
40 silly cache add args [ 'jsonfn', null ]
41 verbose cache add spec jsonfn
42 silly cache add parsed spec Result {
42 silly cache add   raw: 'jsonfn',
42 silly cache add   scope: null,
42 silly cache add   escapedName: 'jsonfn',
42 silly cache add   name: 'jsonfn',
42 silly cache add   rawSpec: '',
42 silly cache add   spec: 'latest',
42 silly cache add   type: 'tag' }
43 silly addNamed jsonfn@latest
44 verbose addNamed "latest" is being treated as a dist-tag for jsonfn
45 info addNameTag [ 'jsonfn', 'latest' ]
46 silly mapToRegistry name jsonfn
47 silly mapToRegistry using default registry
48 silly mapToRegistry registry https://registry.npmjs.org/
49 silly mapToRegistry data Result {
49 silly mapToRegistry   raw: 'jsonfn',
49 silly mapToRegistry   scope: null,
49 silly mapToRegistry   escapedName: 'jsonfn',
49 silly mapToRegistry   name: 'jsonfn',
49 silly mapToRegistry   rawSpec: '',
49 silly mapToRegistry   spec: 'latest',
49 silly mapToRegistry   type: 'tag' }
50 silly mapToRegistry uri https://registry.npmjs.org/jsonfn
51 verbose addNameTag registry:https://registry.npmjs.org/jsonfn not in flight; fetching
52 verbose get https://registry.npmjs.org/jsonfn not expired, no request
53 silly addNameTag next cb for jsonfn with tag latest
54 silly addNamed jsonfn@0.31.0
55 verbose addNamed "0.31.0" is a plain semver version for jsonfn
56 silly cache afterAdd jsonfn@0.31.0
57 verbose afterAdd /root/.npm/jsonfn/0.31.0/package/package.json not in flight; writing
58 verbose correctMkdir /root/.npm correctMkdir not in flight; initializing
59 verbose afterAdd /root/.npm/jsonfn/0.31.0/package/package.json written
60 silly fetchNamedPackageData fsevents
61 silly mapToRegistry name fsevents
62 silly mapToRegistry using default registry
63 silly mapToRegistry registry https://registry.npmjs.org/
64 silly mapToRegistry data Result {
64 silly mapToRegistry   raw: 'fsevents',
64 silly mapToRegistry   scope: null,
64 silly mapToRegistry   escapedName: 'fsevents',
64 silly mapToRegistry   name: 'fsevents',
64 silly mapToRegistry   rawSpec: '',
64 silly mapToRegistry   spec: 'latest',
64 silly mapToRegistry   type: 'tag' }
65 silly mapToRegistry uri https://registry.npmjs.org/fsevents
66 verbose request uri https://registry.npmjs.org/fsevents
67 verbose request no auth needed
68 info attempt registry request try #1 at 7:18:20 PM
69 verbose etag W/"58cbe1d5-d5e6"
70 verbose lastModified Fri, 17 Mar 2017 13:17:09 GMT
71 http request GET https://registry.npmjs.org/fsevents
72 http 304 https://registry.npmjs.org/fsevents
73 verbose headers { date: 'Tue, 02 May 2017 19:18:22 GMT',
73 verbose headers   via: '1.1 varnish',
73 verbose headers   'cache-control': 'max-age=300',
73 verbose headers   etag: 'W/"58cbe1d5-d5e6"',
73 verbose headers   age: '300',
73 verbose headers   connection: 'keep-alive',
73 verbose headers   'x-served-by': 'cache-lhr6347-LHR',
73 verbose headers   'x-cache': 'HIT',
73 verbose headers   'x-cache-hits': '8',
73 verbose headers   'x-timer': 'S1493752703.863135,VS0,VE0',
73 verbose headers   vary: 'Accept-Encoding' }
74 silly get cb [ 304,
74 silly get   { date: 'Tue, 02 May 2017 19:18:22 GMT',
74 silly get     via: '1.1 varnish',
74 silly get     'cache-control': 'max-age=300',
74 silly get     etag: 'W/"58cbe1d5-d5e6"',
74 silly get     age: '300',
74 silly get     connection: 'keep-alive',
74 silly get     'x-served-by': 'cache-lhr6347-LHR',
74 silly get     'x-cache': 'HIT',
74 silly get     'x-cache-hits': '8',
74 silly get     'x-timer': 'S1493752703.863135,VS0,VE0',
74 silly get     vary: 'Accept-Encoding' } ]
75 verbose etag https://registry.npmjs.org/fsevents from cache
76 verbose get saving fsevents to /root/.npm/registry.npmjs.org/fsevents/.cache.json
77 verbose correctMkdir /root/.npm correctMkdir not in flight; initializing
78 silly pickManifestFromRegistryMetadata spec >=1.0.0 <2.0.0 tag latest versions [ '0.1.1',
78 silly pickManifestFromRegistryMetadata   '0.1.3',
78 silly pickManifestFromRegistryMetadata   '0.1.4',
78 silly pickManifestFromRegistryMetadata   '0.1.5',
78 silly pickManifestFromRegistryMetadata   '0.1.6',
78 silly pickManifestFromRegistryMetadata   '0.2.0',
78 silly pickManifestFromRegistryMetadata   '0.3.0',
78 silly pickManifestFromRegistryMetadata   '0.3.1',
78 silly pickManifestFromRegistryMetadata   '0.3.2',
78 silly pickManifestFromRegistryMetadata   '0.3.3',
78 silly pickManifestFromRegistryMetadata   '0.3.4',
78 silly pickManifestFromRegistryMetadata   '0.3.5',
78 silly pickManifestFromRegistryMetadata   '0.3.6',
78 silly pickManifestFromRegistryMetadata   '0.3.7',
78 silly pickManifestFromRegistryMetadata   '0.3.8',
78 silly pickManifestFromRegistryMetadata   '1.0.0',
78 silly pickManifestFromRegistryMetadata   '1.0.1',
78 silly pickManifestFromRegistryMetadata   '1.0.2',
78 silly pickManifestFromRegistryMetadata   '1.0.3',
78 silly pickManifestFromRegistryMetadata   '1.0.4',
78 silly pickManifestFromRegistryMetadata   '1.0.5',
78 silly pickManifestFromRegistryMetadata   '1.0.6',
78 silly pickManifestFromRegistryMetadata   '1.0.7',
78 silly pickManifestFromRegistryMetadata   '1.0.8',
78 silly pickManifestFromRegistryMetadata   '1.0.9',
78 silly pickManifestFromRegistryMetadata   '1.0.10',
78 silly pickManifestFromRegistryMetadata   '1.0.11',
78 silly pickManifestFromRegistryMetadata   '1.0.12',
78 silly pickManifestFromRegistryMetadata   '1.0.14',
78 silly pickManifestFromRegistryMetadata   '1.0.15',
78 silly pickManifestFromRegistryMetadata   '1.0.17',
78 silly pickManifestFromRegistryMetadata   '1.0.18-0',
78 silly pickManifestFromRegistryMetadata   '1.1.0',
78 silly pickManifestFromRegistryMetadata   '1.1.1' ]
79 silly resolveWithNewModule fsevents@1.1.1 checking installable status
80 silly loadAllDepsIntoIdealTree Finishing
81 silly loadIdealTree Finishing
82 silly currentTree app@1.0.0
82 silly currentTree +-- abbrev@1.1.0
82 silly currentTree +-- accepts@1.3.3
82 silly currentTree +-- ansi-regex@2.1.1
82 silly currentTree +-- ansi-styles@2.2.1
82 silly currentTree +-- any-promise@1.3.0
82 silly currentTree +-- anymatch@1.3.0
82 silly currentTree +-- appscript@0.1.0
82 silly currentTree | +-- abbrev@1.1.0
82 silly currentTree | +-- accepts@1.3.3
82 silly currentTree | +-- ansi-regex@2.1.1
82 silly currentTree | +-- ansi-styles@2.2.1
82 silly currentTree | +-- any-promise@1.3.0
82 silly currentTree | +-- anymatch@1.3.0
82 silly currentTree | +-- arr-diff@2.0.0
82 silly currentTree | +-- arr-flatten@1.0.3
82 silly currentTree | +-- array-differ@1.0.0
82 silly currentTree | +-- array-uniq@1.0.3
82 silly currentTree | +-- array-unique@0.2.1
82 silly currentTree | +-- arrify@1.0.1
82 silly currentTree | +-- async-each@1.0.1
82 silly currentTree | +-- babel-cli@6.24.1
82 silly currentTree | +-- babel-code-frame@6.22.0
82 silly currentTree | +-- babel-core@6.24.1
82 silly currentTree | +-- babel-generator@6.24.1
82 silly currentTree | +-- babel-helper-bindify-decorators@6.24.1
82 silly currentTree | +-- babel-helper-builder-binary-assignment-operator-visitor@6.24.1
82 silly currentTree | +-- babel-helper-call-delegate@6.24.1
82 silly currentTree | +-- babel-helper-define-map@6.24.1
82 silly currentTree | +-- babel-helper-explode-assignable-expression@6.24.1
82 silly currentTree | +-- babel-helper-explode-class@6.24.1
82 silly currentTree | +-- babel-helper-function-name@6.24.1
82 silly currentTree | +-- babel-helper-get-function-arity@6.24.1
82 silly currentTree | +-- babel-helper-hoist-variables@6.24.1
82 silly currentTree | +-- babel-helper-optimise-call-expression@6.24.1
82 silly currentTree | +-- babel-helper-regex@6.24.1
82 silly currentTree | +-- babel-helper-remap-async-to-generator@6.24.1
82 silly currentTree | +-- babel-helper-replace-supers@6.24.1
82 silly currentTree | +-- babel-helpers@6.24.1
82 silly currentTree | +-- babel-messages@6.23.0
82 silly currentTree | +-- babel-plugin-add-module-exports@0.2.1
82 silly currentTree | +-- babel-plugin-check-es2015-constants@6.22.0
82 silly currentTree | +-- babel-plugin-syntax-async-functions@6.13.0
82 silly currentTree | +-- babel-plugin-syntax-async-generators@6.13.0
82 silly currentTree | +-- babel-plugin-syntax-class-constructor-call@6.18.0
82 silly currentTree | +-- babel-plugin-syntax-class-properties@6.13.0
82 silly currentTree | +-- babel-plugin-syntax-decorators@6.13.0
82 silly currentTree | +-- babel-plugin-syntax-do-expressions@6.13.0
82 silly currentTree | +-- babel-plugin-syntax-dynamic-import@6.18.0
82 silly currentTree | +-- babel-plugin-syntax-exponentiation-operator@6.13.0
82 silly currentTree | +-- babel-plugin-syntax-export-extensions@6.13.0
82 silly currentTree | +-- babel-plugin-syntax-function-bind@6.13.0
82 silly currentTree | +-- babel-plugin-syntax-object-rest-spread@6.13.0
82 silly currentTree | +-- babel-plugin-syntax-trailing-function-commas@6.22.0
82 silly currentTree | +-- babel-plugin-transform-async-generator-functions@6.24.1
82 silly currentTree | +-- babel-plugin-transform-async-to-generator@6.24.1
82 silly currentTree | +-- babel-plugin-transform-class-constructor-call@6.24.1
82 silly currentTree | +-- babel-plugin-transform-class-properties@6.24.1
82 silly currentTree | +-- babel-plugin-transform-decorators@6.24.1
82 silly currentTree | +-- babel-plugin-transform-do-expressions@6.22.0
82 silly currentTree | +-- babel-plugin-transform-es2015-arrow-functions@6.22.0
82 silly currentTree | +-- babel-plugin-transform-es2015-block-scoped-functions@6.22.0
82 silly currentTree | +-- babel-plugin-transform-es2015-block-scoping@6.24.1
82 silly currentTree | +-- babel-plugin-transform-es2015-classes@6.24.1
82 silly currentTree | +-- babel-plugin-transform-es2015-computed-properties@6.24.1
82 silly currentTree | +-- babel-plugin-transform-es2015-destructuring@6.23.0
82 silly currentTree | +-- babel-plugin-transform-es2015-duplicate-keys@6.24.1
82 silly currentTree | +-- babel-plugin-transform-es2015-for-of@6.23.0
82 silly currentTree | +-- babel-plugin-transform-es2015-function-name@6.24.1
82 silly currentTree | +-- babel-plugin-transform-es2015-literals@6.22.0
82 silly currentTree | +-- babel-plugin-transform-es2015-modules-amd@6.24.1
82 silly currentTree | +-- babel-plugin-transform-es2015-modules-commonjs@6.24.1
82 silly currentTree | +-- babel-plugin-transform-es2015-modules-systemjs@6.24.1
82 silly currentTree | +-- babel-plugin-transform-es2015-modules-umd@6.24.1
82 silly currentTree | +-- babel-plugin-transform-es2015-object-super@6.24.1
82 silly currentTree | +-- babel-plugin-transform-es2015-parameters@6.24.1
82 silly currentTree | +-- babel-plugin-transform-es2015-shorthand-properties@6.24.1
82 silly currentTree | +-- babel-plugin-transform-es2015-spread@6.22.0
82 silly currentTree | +-- babel-plugin-transform-es2015-sticky-regex@6.24.1
82 silly currentTree | +-- babel-plugin-transform-es2015-template-literals@6.22.0
82 silly currentTree | +-- babel-plugin-transform-es2015-typeof-symbol@6.23.0
82 silly currentTree | +-- babel-plugin-transform-es2015-unicode-regex@6.24.1
82 silly currentTree | +-- babel-plugin-transform-exponentiation-operator@6.24.1
82 silly currentTree | +-- babel-plugin-transform-export-extensions@6.22.0
82 silly currentTree | +-- babel-plugin-transform-function-bind@6.22.0
82 silly currentTree | +-- babel-plugin-transform-object-rest-spread@6.23.0
82 silly currentTree | +-- babel-plugin-transform-regenerator@6.24.1
82 silly currentTree | +-- babel-plugin-transform-runtime@6.23.0
82 silly currentTree | +-- babel-plugin-transform-strict-mode@6.24.1
82 silly currentTree | +-- babel-polyfill@6.23.0
82 silly currentTree | +-- babel-preset-es2015@6.24.1
82 silly currentTree | +-- babel-preset-node6@11.0.0
82 silly currentTree | +-- babel-preset-stage-0@6.24.1
82 silly currentTree | +-- babel-preset-stage-1@6.24.1
82 silly currentTree | +-- babel-preset-stage-2@6.24.1
82 silly currentTree | +-- babel-preset-stage-3@6.24.1
82 silly currentTree | +-- babel-register@6.24.1
82 silly currentTree | +-- babel-runtime@6.23.0
82 silly currentTree | +-- babel-template@6.24.1
82 silly currentTree | +-- babel-traverse@6.24.1
82 silly currentTree | +-- babel-types@6.24.1
82 silly currentTree | +-- babylon@6.17.0
82 silly currentTree | +-- balanced-match@0.4.2
82 silly currentTree | +-- beeper@1.1.1
82 silly currentTree | +-- binary-extensions@1.8.0
82 silly currentTree | +-- brace-expansion@1.1.7
82 silly currentTree | +-- braces@1.8.5
82 silly currentTree | +-- buffer-shims@1.0.0
82 silly currentTree | +-- bytes@2.4.0
82 silly currentTree | +-- camelize@1.0.0
82 silly currentTree | +-- chalk@1.1.3
82 silly currentTree | +-- chokidar@1.6.1
82 silly currentTree | +-- clone-stats@0.0.1
82 silly currentTree | +-- clone@1.0.2
82 silly currentTree | +-- co-body@4.2.0
82 silly currentTree | +-- co@4.6.0
82 silly currentTree | +-- colors@1.1.2
82 silly currentTree | +-- commander@2.9.0
82 silly currentTree | +-- compressible@2.0.10
82 silly currentTree | +-- concat-map@0.0.1
82 silly currentTree | +-- configstore@1.4.0
82 silly currentTree | +-- connect@3.6.0
82 silly currentTree | | +-- debug@2.6.1
82 silly currentTree | | `-- ms@0.7.2
82 silly currentTree | +-- content-disposition@0.5.2
82 silly currentTree | +-- content-security-policy-builder@1.1.0
82 silly currentTree | +-- content-type@1.0.2
82 silly currentTree | +-- convert-source-map@1.5.0
82 silly currentTree | +-- cookies@0.7.0
82 silly currentTree | +-- copy-to@2.0.1
82 silly currentTree | +-- core-js@2.4.1
82 silly currentTree | +-- core-util-is@1.0.2
82 silly currentTree | +-- dasherize@2.0.0
82 silly currentTree | +-- dashify@0.2.2
82 silly currentTree | +-- dateformat@2.0.0
82 silly currentTree | +-- debug@2.6.6
82 silly currentTree | +-- deep-equal@1.0.1
82 silly currentTree | +-- deep-extend@0.4.1
82 silly currentTree | +-- delegates@1.0.0
82 silly currentTree | +-- depd@1.1.0
82 silly currentTree | +-- destroy@1.0.4
82 silly currentTree | +-- detect-indent@4.0.0
82 silly currentTree | +-- dns-prefetch-control@0.1.0
82 silly currentTree | +-- dont-sniff-mimetype@1.0.0
82 silly currentTree | +-- duplexer@0.1.1
82 silly currentTree | +-- duplexer2@0.0.2
82 silly currentTree | | +-- readable-stream@1.1.14
82 silly currentTree | | `-- string_decoder@0.10.31
82 silly currentTree | +-- duplexify@3.5.0
82 silly currentTree | +-- ee-first@1.1.1
82 silly currentTree | +-- encodeurl@1.0.1
82 silly currentTree | +-- end-of-stream@1.0.0
82 silly currentTree | | `-- once@1.3.3
82 silly currentTree | +-- error-inject@1.0.0
82 silly currentTree | +-- es6-promise@3.3.1
82 silly currentTree | +-- escape-html@1.0.3
82 silly currentTree | +-- escape-string-regexp@1.0.5
82 silly currentTree | +-- esutils@2.0.2
82 silly currentTree | +-- etag@1.8.0
82 silly currentTree | +-- event-stream@3.3.4
82 silly currentTree | +-- expand-brackets@0.1.5
82 silly currentTree | +-- expand-range@1.8.2
82 silly currentTree | +-- extglob@0.3.2
82 silly currentTree | +-- fancy-log@1.3.0
82 silly currentTree | +-- filename-regex@2.0.1
82 silly currentTree | +-- fill-range@2.2.3
82 silly currentTree | +-- finalhandler@1.0.0
82 silly currentTree | | +-- debug@2.6.1
82 silly currentTree | | `-- ms@0.7.2
82 silly currentTree | +-- for-in@1.0.2
82 silly currentTree | +-- for-own@0.1.5
82 silly currentTree | +-- frameguard@3.0.0
82 silly currentTree | +-- fresh@0.5.0
82 silly currentTree | +-- from@0.1.7
82 silly currentTree | +-- fs-readdir-recursive@1.0.0
82 silly currentTree | +-- fs.realpath@1.0.0
82 silly currentTree | +-- glob-base@0.3.0
82 silly currentTree | +-- glob-parent@2.0.0
82 silly currentTree | +-- glob@7.1.1
82 silly currentTree | +-- globals@9.17.0
82 silly currentTree | +-- glogg@1.0.0
82 silly currentTree | +-- got@3.3.1
82 silly currentTree | | `-- object-assign@3.0.0
82 silly currentTree | +-- graceful-fs@4.1.11
82 silly currentTree | +-- graceful-readlink@1.0.1
82 silly currentTree | +-- gulp-babel@6.1.2
82 silly currentTree | +-- gulp-util@3.0.8
82 silly currentTree | | +-- minimist@1.2.0
82 silly currentTree | | `-- object-assign@3.0.0
82 silly currentTree | +-- gulplog@1.0.0
82 silly currentTree | +-- has-ansi@2.0.0
82 silly currentTree | +-- has-gulplog@0.1.0
82 silly currentTree | +-- helmet-csp@2.4.0
82 silly currentTree | +-- helmet@3.5.0
82 silly currentTree | +-- hide-powered-by@1.0.0
82 silly currentTree | +-- home-or-tmp@2.0.0
82 silly currentTree | +-- hpkp@2.0.0
82 silly currentTree | +-- hsts@2.0.0
82 silly currentTree | +-- http-assert@1.2.0
82 silly currentTree | | `-- http-errors@1.4.0
82 silly currentTree | +-- http-errors@1.6.1
82 silly currentTree | | `-- inherits@2.0.3
82 silly currentTree | +-- humanize-number@0.0.2
82 silly currentTree | +-- iconv-lite@0.4.13
82 silly currentTree | +-- ienoopen@1.0.0
82 silly currentTree | +-- ignore-by-default@1.0.1
82 silly currentTree | +-- imurmurhash@0.1.4
82 silly currentTree | +-- infinity-agent@2.0.3
82 silly currentTree | +-- inflation@2.0.0
82 silly currentTree | +-- inflight@1.0.6
82 silly currentTree | +-- inherits@2.0.1
82 silly currentTree | +-- ini@1.3.4
82 silly currentTree | +-- invariant@2.2.2
82 silly currentTree | +-- is-binary-path@1.0.1
82 silly currentTree | +-- is-buffer@1.1.5
82 silly currentTree | +-- is-dotfile@1.0.2
82 silly currentTree | +-- is-equal-shallow@0.1.3
82 silly currentTree | +-- is-extendable@0.1.1
82 silly currentTree | +-- is-extglob@1.0.0
82 silly currentTree | +-- is-finite@1.0.2
82 silly currentTree | +-- is-generator-function@1.0.6
82 silly currentTree | +-- is-glob@2.0.1
82 silly currentTree | +-- is-npm@1.0.0
82 silly currentTree | +-- is-number@2.1.0
82 silly currentTree | +-- is-posix-bracket@0.1.1
82 silly currentTree | +-- is-primitive@2.0.0
82 silly currentTree | +-- is-redirect@1.0.0
82 silly currentTree | +-- is-stream@1.1.0
82 silly currentTree | +-- isarray@0.0.1
82 silly currentTree | +-- isobject@2.1.0
82 silly currentTree | | `-- isarray@1.0.0
82 silly currentTree | +-- js-tokens@3.0.1
82 silly currentTree | +-- jsesc@1.3.0
82 silly currentTree | +-- json5@0.5.1
82 silly currentTree | +-- kcors@1.3.2
82 silly currentTree | +-- keygrip@1.0.1
82 silly currentTree | +-- kind-of@3.2.0
82 silly currentTree | +-- koa-bodyparser@3.2.0
82 silly currentTree | +-- koa-compose@3.2.1
82 silly currentTree | +-- koa-compress@2.0.0
82 silly currentTree | +-- koa-convert@1.2.0
82 silly currentTree | +-- koa-helmet@3.1.0
82 silly currentTree | +-- koa-is-json@1.0.0
82 silly currentTree | +-- koa-json-error@3.1.2
82 silly currentTree | +-- koa-logger@2.0.1
82 silly currentTree | | `-- bytes@1.0.0
82 silly currentTree | +-- koa-mount@2.0.0
82 silly currentTree | +-- koa-response-time@2.0.0
82 silly currentTree | +-- koa-router@7.1.1
82 silly currentTree | +-- koa-send@3.3.0
82 silly currentTree | +-- koa-sendfile@2.0.0
82 silly currentTree | +-- koa-server-push@0.1.0
82 silly currentTree | +-- koa-session@3.4.0
82 silly currentTree | +-- koa-sslify@2.1.1
82 silly currentTree | +-- koa-static@3.0.0
82 silly currentTree | +-- koa@2.2.0
82 silly currentTree | +-- latest-version@1.0.1
82 silly currentTree | +-- lodash._baseassign@3.2.0
82 silly currentTree | +-- lodash._basecopy@3.0.1
82 silly currentTree | +-- lodash._basetostring@3.0.1
82 silly currentTree | +-- lodash._basevalues@3.0.0
82 silly currentTree | +-- lodash._bindcallback@3.0.1
82 silly currentTree | +-- lodash._createassigner@3.1.1
82 silly currentTree | +-- lodash._getnative@3.9.1
82 silly currentTree | +-- lodash._isiterateecall@3.0.9
82 silly currentTree | +-- lodash._reescape@3.0.0
82 silly currentTree | +-- lodash._reevaluate@3.0.0
82 silly currentTree | +-- lodash._reinterpolate@3.0.0
82 silly currentTree | +-- lodash._root@3.0.1
82 silly currentTree | +-- lodash.assign@3.2.0
82 silly currentTree | +-- lodash.compact@3.0.1
82 silly currentTree | +-- lodash.curry@4.1.1
82 silly currentTree | +-- lodash.defaults@3.1.2
82 silly currentTree | +-- lodash.escape@3.2.0
82 silly currentTree | +-- lodash.isarguments@3.1.0
82 silly currentTree | +-- lodash.isarray@3.0.4
82 silly currentTree | +-- lodash.keys@3.1.2
82 silly currentTree | +-- lodash.reduce@4.6.0
82 silly currentTree | +-- lodash.restparam@3.6.1
82 silly currentTree | +-- lodash.template@3.6.2
82 silly currentTree | +-- lodash.templatesettings@3.1.1
82 silly currentTree | +-- lodash@4.17.4
82 silly currentTree | +-- loose-envify@1.3.1
82 silly currentTree | +-- lowercase-keys@1.0.0
82 silly currentTree | +-- lru-cache@2.2.4
82 silly currentTree | +-- map-stream@0.1.0
82 silly currentTree | +-- media-typer@0.3.0
82 silly currentTree | +-- methods@1.1.2
82 silly currentTree | +-- micromatch@2.3.11
82 silly currentTree | +-- mime-db@1.27.0
82 silly currentTree | +-- mime-types@2.1.15
82 silly currentTree | +-- minimatch@3.0.3
82 silly currentTree | +-- minimist@0.0.8
82 silly currentTree | +-- mixwith@0.1.1
82 silly currentTree | +-- mkdirp@0.5.1
82 silly currentTree | +-- ms@0.7.3
82 silly currentTree | +-- multipipe@0.1.2
82 silly currentTree | +-- mz@2.6.0
82 silly currentTree | +-- negotiator@0.6.1
82 silly currentTree | +-- nested-error-stacks@1.0.2
82 silly currentTree | +-- nocache@2.0.0
82 silly currentTree | +-- nodemon@1.11.0
82 silly currentTree | +-- nopt@1.0.10
82 silly currentTree | +-- normalize-path@2.1.1
82 silly currentTree | +-- number-is-nan@1.0.1
82 silly currentTree | +-- object-assign@4.1.1
82 silly currentTree | +-- object.omit@2.0.1
82 silly currentTree | +-- on-finished@2.3.0
82 silly currentTree | +-- once@1.4.0
82 silly currentTree | +-- only@0.0.2
82 silly currentTree | +-- os-homedir@1.0.2
82 silly currentTree | +-- os-tmpdir@1.0.2
82 silly currentTree | +-- osenv@0.1.4
82 silly currentTree | +-- output-file-sync@1.1.2
82 silly currentTree | +-- package-json@1.2.0
82 silly currentTree | +-- parse-glob@3.0.4
82 silly currentTree | +-- parseurl@1.3.1
82 silly currentTree | +-- passthrough-counter@1.0.0
82 silly currentTree | +-- path-is-absolute@1.0.1
82 silly currentTree | +-- path-to-regexp@1.7.0
82 silly currentTree | +-- pause-stream@0.0.11
82 silly currentTree | +-- pinkie-promise@2.0.1
82 silly currentTree | +-- pinkie@2.0.4
82 silly currentTree | +-- platform@1.3.3
82 silly currentTree | +-- prepend-http@1.0.4
82 silly currentTree | +-- preserve@0.2.0
82 silly currentTree | +-- private@0.1.7
82 silly currentTree | +-- process-nextick-args@1.0.7
82 silly currentTree | +-- ps-tree@1.1.0
82 silly currentTree | +-- qs@4.0.0
82 silly currentTree | +-- randomatic@1.1.6
82 silly currentTree | +-- raw-body@2.1.7
82 silly currentTree | +-- rc@1.2.1
82 silly currentTree | | `-- minimist@1.2.0
82 silly currentTree | +-- read-all-stream@3.1.0
82 silly currentTree | +-- readable-stream@2.2.9
82 silly currentTree | | `-- isarray@1.0.0
82 silly currentTree | +-- readdirp@2.1.0
82 silly currentTree | +-- referrer-policy@1.1.0
82 silly currentTree | +-- regenerate@1.3.2
82 silly currentTree | +-- regenerator-runtime@0.10.5
82 silly currentTree | +-- regenerator-transform@0.9.11
82 silly currentTree | +-- regex-cache@0.4.3
82 silly currentTree | +-- regexpu-core@2.0.0
82 silly currentTree | +-- registry-url@3.1.0
82 silly currentTree | +-- regjsgen@0.2.0
82 silly currentTree | +-- regjsparser@0.1.5
82 silly currentTree | | `-- jsesc@0.5.0
82 silly currentTree | +-- remove-trailing-separator@1.0.1
82 silly currentTree | +-- repeat-element@1.1.2
82 silly currentTree | +-- repeat-string@1.6.1
82 silly currentTree | +-- repeating@2.0.1
82 silly currentTree | +-- replace-ext@0.0.1
82 silly currentTree | +-- resolve-path@1.3.3
82 silly currentTree | | +-- http-errors@1.5.1
82 silly currentTree | | +-- inherits@2.0.3
82 silly currentTree | | `-- setprototypeof@1.0.2
82 silly currentTree | +-- semver-diff@2.1.0
82 silly currentTree | +-- semver@5.3.0
82 silly currentTree | +-- set-immediate-shim@1.0.1
82 silly currentTree | +-- setprototypeof@1.0.3
82 silly currentTree | +-- slash@1.0.0
82 silly currentTree | +-- slide@1.1.6
82 silly currentTree | +-- source-map-support@0.4.15
82 silly currentTree | +-- source-map@0.5.6
82 silly currentTree | +-- sparkles@1.0.0
82 silly currentTree | +-- split@0.3.3
82 silly currentTree | +-- statuses@1.3.1
82 silly currentTree | +-- stream-combiner@0.0.4
82 silly currentTree | +-- stream-shift@1.0.0
82 silly currentTree | +-- string_decoder@1.0.0
82 silly currentTree | +-- string-length@1.0.1
82 silly currentTree | +-- strip-ansi@3.0.1
82 silly currentTree | +-- strip-json-comments@2.0.1
82 silly currentTree | +-- supports-color@2.0.0
82 silly currentTree | +-- thenify-all@1.6.0
82 silly currentTree | +-- thenify@3.2.1
82 silly currentTree | +-- through@2.3.8
82 silly currentTree | +-- through2@2.0.3
82 silly currentTree | +-- time-stamp@1.0.1
82 silly currentTree | +-- timed-out@2.0.0
82 silly currentTree | +-- tmp@0.0.31
82 silly currentTree | +-- to-fast-properties@1.0.2
82 silly currentTree | +-- touch@1.0.0
82 silly currentTree | +-- trim-right@1.0.1
82 silly currentTree | +-- type-is@1.6.15
82 silly currentTree | +-- undefsafe@0.0.3
82 silly currentTree | +-- underscore@1.8.3
82 silly currentTree | +-- unpipe@1.0.0
82 silly currentTree | +-- update-notifier@0.5.0
82 silly currentTree | | `-- repeating@1.1.3
82 silly currentTree | +-- user-home@1.1.1
82 silly currentTree | +-- useragent@2.1.13
82 silly currentTree | +-- util-deprecate@1.0.2
82 silly currentTree | +-- utils-merge@1.0.0
82 silly currentTree | +-- uuid@2.0.3
82 silly currentTree | +-- v8flags@2.1.1
82 silly currentTree | +-- vary@1.1.1
82 silly currentTree | +-- vinyl-sourcemaps-apply@0.2.1
82 silly currentTree | +-- vinyl@0.5.3
82 silly currentTree | +-- wrappy@1.0.2
82 silly currentTree | +-- write-file-atomic@1.3.4
82 silly currentTree | +-- x-xss-protection@1.0.0
82 silly currentTree | +-- xdg-basedir@2.0.0
82 silly currentTree | `-- xtend@4.0.1
82 silly currentTree +-- arr-diff@2.0.0
82 silly currentTree +-- arr-flatten@1.0.3
82 silly currentTree +-- array-differ@1.0.0
82 silly currentTree +-- array-uniq@1.0.3
82 silly currentTree +-- array-unique@0.2.1
82 silly currentTree +-- arrify@1.0.1
82 silly currentTree +-- async-each@1.0.1
82 silly currentTree +-- babel-cli@6.24.1
82 silly currentTree +-- babel-code-frame@6.22.0
82 silly currentTree +-- babel-core@6.24.1
82 silly currentTree +-- babel-generator@6.24.1
82 silly currentTree +-- babel-helper-bindify-decorators@6.24.1
82 silly currentTree +-- babel-helper-builder-binary-assignment-operator-visitor@6.24.1
82 silly currentTree +-- babel-helper-call-delegate@6.24.1
82 silly currentTree +-- babel-helper-define-map@6.24.1
82 silly currentTree +-- babel-helper-explode-assignable-expression@6.24.1
82 silly currentTree +-- babel-helper-explode-class@6.24.1
82 silly currentTree +-- babel-helper-function-name@6.24.1
82 silly currentTree +-- babel-helper-get-function-arity@6.24.1
82 silly currentTree +-- babel-helper-hoist-variables@6.24.1
82 silly currentTree +-- babel-helper-optimise-call-expression@6.24.1
82 silly currentTree +-- babel-helper-regex@6.24.1
82 silly currentTree +-- babel-helper-remap-async-to-generator@6.24.1
82 silly currentTree +-- babel-helper-replace-supers@6.24.1
82 silly currentTree +-- babel-helpers@6.24.1
82 silly currentTree +-- babel-messages@6.23.0
82 silly currentTree +-- babel-plugin-add-module-exports@0.2.1
82 silly currentTree +-- babel-plugin-check-es2015-constants@6.22.0
82 silly currentTree +-- babel-plugin-syntax-async-functions@6.13.0
82 silly currentTree +-- babel-plugin-syntax-async-generators@6.13.0
82 silly currentTree +-- babel-plugin-syntax-class-constructor-call@6.18.0
82 silly currentTree +-- babel-plugin-syntax-class-properties@6.13.0
82 silly currentTree +-- babel-plugin-syntax-decorators@6.13.0
82 silly currentTree +-- babel-plugin-syntax-do-expressions@6.13.0
82 silly currentTree +-- babel-plugin-syntax-dynamic-import@6.18.0
82 silly currentTree +-- babel-plugin-syntax-exponentiation-operator@6.13.0
82 silly currentTree +-- babel-plugin-syntax-export-extensions@6.13.0
82 silly currentTree +-- babel-plugin-syntax-function-bind@6.13.0
82 silly currentTree +-- babel-plugin-syntax-object-rest-spread@6.13.0
82 silly currentTree +-- babel-plugin-syntax-trailing-function-commas@6.22.0
82 silly currentTree +-- babel-plugin-transform-async-generator-functions@6.24.1
82 silly currentTree +-- babel-plugin-transform-async-to-generator@6.24.1
82 silly currentTree +-- babel-plugin-transform-class-constructor-call@6.24.1
82 silly currentTree +-- babel-plugin-transform-class-properties@6.24.1
82 silly currentTree +-- babel-plugin-transform-decorators@6.24.1
82 silly currentTree +-- babel-plugin-transform-do-expressions@6.22.0
82 silly currentTree +-- babel-plugin-transform-es2015-arrow-functions@6.22.0
82 silly currentTree +-- babel-plugin-transform-es2015-block-scoped-functions@6.22.0
82 silly currentTree +-- babel-plugin-transform-es2015-block-scoping@6.24.1
82 silly currentTree +-- babel-plugin-transform-es2015-classes@6.24.1
82 silly currentTree +-- babel-plugin-transform-es2015-computed-properties@6.24.1
82 silly currentTree +-- babel-plugin-transform-es2015-destructuring@6.23.0
82 silly currentTree +-- babel-plugin-transform-es2015-duplicate-keys@6.24.1
82 silly currentTree +-- babel-plugin-transform-es2015-for-of@6.23.0
82 silly currentTree +-- babel-plugin-transform-es2015-function-name@6.24.1
82 silly currentTree +-- babel-plugin-transform-es2015-literals@6.22.0
82 silly currentTree +-- babel-plugin-transform-es2015-modules-amd@6.24.1
82 silly currentTree +-- babel-plugin-transform-es2015-modules-commonjs@6.24.1
82 silly currentTree +-- babel-plugin-transform-es2015-modules-systemjs@6.24.1
82 silly currentTree +-- babel-plugin-transform-es2015-modules-umd@6.24.1
82 silly currentTree +-- babel-plugin-transform-es2015-object-super@6.24.1
82 silly currentTree +-- babel-plugin-transform-es2015-parameters@6.24.1
82 silly currentTree +-- babel-plugin-transform-es2015-shorthand-properties@6.24.1
82 silly currentTree +-- babel-plugin-transform-es2015-spread@6.22.0
82 silly currentTree +-- babel-plugin-transform-es2015-sticky-regex@6.24.1
82 silly currentTree +-- babel-plugin-transform-es2015-template-literals@6.22.0
82 silly currentTree +-- babel-plugin-transform-es2015-typeof-symbol@6.23.0
82 silly currentTree +-- babel-plugin-transform-es2015-unicode-regex@6.24.1
82 silly currentTree +-- babel-plugin-transform-exponentiation-operator@6.24.1
82 silly currentTree +-- babel-plugin-transform-export-extensions@6.22.0
82 silly currentTree +-- babel-plugin-transform-function-bind@6.22.0
82 silly currentTree +-- babel-plugin-transform-object-rest-spread@6.23.0
82 silly currentTree +-- babel-plugin-transform-regenerator@6.24.1
82 silly currentTree +-- babel-plugin-transform-runtime@6.23.0
82 silly currentTree +-- babel-plugin-transform-strict-mode@6.24.1
82 silly currentTree +-- babel-polyfill@6.23.0
82 silly currentTree +-- babel-preset-es2015@6.24.1
82 silly currentTree +-- babel-preset-node6@11.0.0
82 silly currentTree +-- babel-preset-stage-0@6.24.1
82 silly currentTree +-- babel-preset-stage-1@6.24.1
82 silly currentTree +-- babel-preset-stage-2@6.24.1
82 silly currentTree +-- babel-preset-stage-3@6.24.1
82 silly currentTree +-- babel-register@6.24.1
82 silly currentTree +-- babel-runtime@6.23.0
82 silly currentTree +-- babel-template@6.24.1
82 silly currentTree +-- babel-traverse@6.24.1
82 silly currentTree +-- babel-types@6.24.1
82 silly currentTree +-- babylon@6.17.0
82 silly currentTree +-- balanced-match@0.4.2
82 silly currentTree +-- beeper@1.1.1
82 silly currentTree +-- binary-extensions@1.8.0
82 silly currentTree +-- bluebird@3.5.0
82 silly currentTree +-- brace-expansion@1.1.7
82 silly currentTree +-- braces@1.8.5
82 silly currentTree +-- buffer-shims@1.0.0
82 silly currentTree +-- bytes@2.4.0
82 silly currentTree +-- camelize@1.0.0
82 silly currentTree +-- chalk@1.1.3
82 silly currentTree +-- chokidar@1.6.1
82 silly currentTree +-- clone-stats@0.0.1
82 silly currentTree +-- clone@1.0.2
82 silly currentTree +-- co-body@4.2.0
82 silly currentTree +-- co@4.6.0
82 silly currentTree +-- colors@1.1.2
82 silly currentTree +-- commander@2.9.0
82 silly currentTree +-- compressible@2.0.10
82 silly currentTree +-- concat-map@0.0.1
82 silly currentTree +-- configstore@1.4.0
82 silly currentTree +-- connect@3.6.0
82 silly currentTree | +-- debug@2.6.1
82 silly currentTree | `-- ms@0.7.2
82 silly currentTree +-- consolidate@0.14.5
82 silly currentTree +-- content-disposition@0.5.2
82 silly currentTree +-- content-security-policy-builder@1.1.0
82 silly currentTree +-- content-type@1.0.2
82 silly currentTree +-- convert-source-map@1.5.0
82 silly currentTree +-- cookies@0.7.0
82 silly currentTree +-- copy-to@2.0.1
82 silly currentTree +-- core-js@2.4.1
82 silly currentTree +-- core-util-is@1.0.2
82 silly currentTree +-- dasherize@2.0.0
82 silly currentTree +-- dashify@0.2.2
82 silly currentTree +-- dateformat@2.0.0
82 silly currentTree +-- debug@2.6.4
82 silly currentTree +-- deep-equal@1.0.1
82 silly currentTree +-- deep-extend@0.4.1
82 silly currentTree +-- delegates@1.0.0
82 silly currentTree +-- depd@1.1.0
82 silly currentTree +-- destroy@1.0.4
82 silly currentTree +-- detect-indent@4.0.0
82 silly currentTree +-- dns-prefetch-control@0.1.0
82 silly currentTree +-- dont-sniff-mimetype@1.0.0
82 silly currentTree +-- duplexer@0.1.1
82 silly currentTree +-- duplexer2@0.0.2
82 silly currentTree | +-- readable-stream@1.1.14
82 silly currentTree | `-- string_decoder@0.10.31
82 silly currentTree +-- duplexify@3.5.0
82 silly currentTree +-- ee-first@1.1.1
82 silly currentTree +-- encodeurl@1.0.1
82 silly currentTree +-- end-of-stream@1.0.0
82 silly currentTree | `-- once@1.3.3
82 silly currentTree +-- error-inject@1.0.0
82 silly currentTree +-- es6-promise@3.3.1
82 silly currentTree +-- escape-html@1.0.3
82 silly currentTree +-- escape-string-regexp@1.0.5
82 silly currentTree +-- esutils@2.0.2
82 silly currentTree +-- etag@1.8.0
82 silly currentTree +-- event-stream@3.3.4
82 silly currentTree +-- expand-brackets@0.1.5
82 silly currentTree +-- expand-range@1.8.2
82 silly currentTree +-- extglob@0.3.2
82 silly currentTree +-- fancy-log@1.3.0
82 silly currentTree +-- filename-regex@2.0.0
82 silly currentTree +-- fill-range@2.2.3
82 silly currentTree +-- finalhandler@1.0.0
82 silly currentTree | +-- debug@2.6.1
82 silly currentTree | `-- ms@0.7.2
82 silly currentTree +-- for-in@1.0.2
82 silly currentTree +-- for-own@0.1.5
82 silly currentTree +-- frameguard@3.0.0
82 silly currentTree +-- fresh@0.5.0
82 silly currentTree +-- from@0.1.7
82 silly currentTree +-- fs-readdir-recursive@1.0.0
82 silly currentTree +-- fs.realpath@1.0.0
82 silly currentTree +-- glob-base@0.3.0
82 silly currentTree +-- glob-parent@2.0.0
82 silly currentTree +-- glob@7.1.1
82 silly currentTree +-- globals@9.17.0
82 silly currentTree +-- glogg@1.0.0
82 silly currentTree +-- got@3.3.1
82 silly currentTree | `-- object-assign@3.0.0
82 silly currentTree +-- graceful-fs@4.1.11
82 silly currentTree +-- graceful-readlink@1.0.1
82 silly currentTree +-- gulp-babel@6.1.2
82 silly currentTree +-- gulp-util@3.0.8
82 silly currentTree | +-- minimist@1.2.0
82 silly currentTree | `-- object-assign@3.0.0
82 silly currentTree +-- gulplog@1.0.0
82 silly currentTree +-- has-ansi@2.0.0
82 silly currentTree +-- has-gulplog@0.1.0
82 silly currentTree +-- helmet-csp@2.4.0
82 silly currentTree +-- helmet@3.5.0
82 silly currentTree +-- hide-powered-by@1.0.0
82 silly currentTree +-- home-or-tmp@2.0.0
82 silly currentTree +-- hpkp@2.0.0
82 silly currentTree +-- hsts@2.0.0
82 silly currentTree +-- http-assert@1.2.0
82 silly currentTree | `-- http-errors@1.4.0
82 silly currentTree +-- http-errors@1.6.1
82 silly currentTree | `-- inherits@2.0.3
82 silly currentTree +-- humanize-number@0.0.2
82 silly currentTree +-- iconv-lite@0.4.13
82 silly currentTree +-- ienoopen@1.0.0
82 silly currentTree +-- ignore-by-default@1.0.1
82 silly currentTree +-- imurmurhash@0.1.4
82 silly currentTree +-- infinity-agent@2.0.3
82 silly currentTree +-- inflation@2.0.0
82 silly currentTree +-- inflight@1.0.6
82 silly currentTree +-- inherits@2.0.1
82 silly currentTree +-- ini@1.3.4
82 silly currentTree +-- invariant@2.2.2
82 silly currentTree +-- is-binary-path@1.0.1
82 silly currentTree +-- is-buffer@1.1.5
82 silly currentTree +-- is-dotfile@1.0.2
82 silly currentTree +-- is-equal-shallow@0.1.3
82 silly currentTree +-- is-extendable@0.1.1
82 silly currentTree +-- is-extglob@1.0.0
82 silly currentTree +-- is-finite@1.0.2
82 silly currentTree +-- is-generator-function@1.0.6
82 silly currentTree +-- is-glob@2.0.1
82 silly currentTree +-- is-npm@1.0.0
82 silly currentTree +-- is-number@2.1.0
82 silly currentTree +-- is-posix-bracket@0.1.1
82 silly currentTree +-- is-primitive@2.0.0
82 silly currentTree +-- is-redirect@1.0.0
82 silly currentTree +-- is-stream@1.1.0
82 silly currentTree +-- isarray@0.0.1
82 silly currentTree +-- isobject@2.1.0
82 silly currentTree | `-- isarray@1.0.0
82 silly currentTree +-- js-tokens@3.0.1
82 silly currentTree +-- jsesc@1.3.0
82 silly currentTree +-- json5@0.5.1
82 silly currentTree +-- kcors@1.3.2
82 silly currentTree +-- keygrip@1.0.1
82 silly currentTree +-- kind-of@3.2.0
82 silly currentTree +-- koa-bodyparser@3.2.0
82 silly currentTree +-- koa-compose@3.2.1
82 silly currentTree +-- koa-compress@2.0.0
82 silly currentTree +-- koa-convert@1.2.0
82 silly currentTree | `-- koa-compose@3.2.1
82 silly currentTree +-- koa-helmet@3.1.0
82 silly currentTree +-- koa-is-json@1.0.0
82 silly currentTree +-- koa-json-error@3.1.2
82 silly currentTree +-- koa-logger@2.0.1
82 silly currentTree | `-- bytes@1.0.0
82 silly currentTree +-- koa-mount@2.0.0
82 silly currentTree | `-- koa-compose@3.2.1
82 silly currentTree +-- koa-response-time@2.0.0
82 silly currentTree +-- koa-router@7.1.1
82 silly currentTree +-- koa-send@3.3.0
82 silly currentTree +-- koa-sendfile@2.0.0
82 silly currentTree +-- koa-server-push@0.1.0
82 silly currentTree +-- koa-session@3.4.0
82 silly currentTree +-- koa-sslify@2.1.1
82 silly currentTree +-- koa-static@3.0.0
82 silly currentTree +-- koa-views@6.0.2
82 silly currentTree | `-- koa-send@4.1.0
82 silly currentTree +-- koa@2.2.0
82 silly currentTree +-- latest-version@1.0.1
82 silly currentTree +-- lodash._baseassign@3.2.0
82 silly currentTree +-- lodash._basecopy@3.0.1
82 silly currentTree +-- lodash._basetostring@3.0.1
82 silly currentTree +-- lodash._basevalues@3.0.0
82 silly currentTree +-- lodash._bindcallback@3.0.1
82 silly currentTree +-- lodash._createassigner@3.1.1
82 silly currentTree +-- lodash._getnative@3.9.1
82 silly currentTree +-- lodash._isiterateecall@3.0.9
82 silly currentTree +-- lodash._reescape@3.0.0
82 silly currentTree +-- lodash._reevaluate@3.0.0
82 silly currentTree +-- lodash._reinterpolate@3.0.0
82 silly currentTree +-- lodash._root@3.0.1
82 silly currentTree +-- lodash.assign@3.2.0
82 silly currentTree +-- lodash.compact@3.0.1
82 silly currentTree +-- lodash.curry@4.1.1
82 silly currentTree +-- lodash.defaults@3.1.2
82 silly currentTree +-- lodash.escape@3.2.0
82 silly currentTree +-- lodash.isarguments@3.1.0
82 silly currentTree +-- lodash.isarray@3.0.4
82 silly currentTree +-- lodash.keys@3.1.2
82 silly currentTree +-- lodash.reduce@4.6.0
82 silly currentTree +-- lodash.restparam@3.6.1
82 silly currentTree +-- lodash.template@3.6.2
82 silly currentTree +-- lodash.templatesettings@3.1.1
82 silly currentTree +-- lodash@4.17.4
82 silly currentTree +-- loose-envify@1.3.1
82 silly currentTree +-- lowercase-keys@1.0.0
82 silly currentTree +-- lru-cache@2.2.4
82 silly currentTree +-- map-stream@0.1.0
82 silly currentTree +-- media-typer@0.3.0
82 silly currentTree +-- methods@1.1.2
82 silly currentTree +-- micromatch@2.3.11
82 silly currentTree +-- mime-db@1.27.0
82 silly currentTree +-- mime-types@2.1.15
82 silly currentTree +-- minimatch@3.0.3
82 silly currentTree +-- minimist@0.0.8
82 silly currentTree +-- mixwith@0.1.1
82 silly currentTree +-- mkdirp@0.5.1
82 silly currentTree +-- ms@0.7.3
82 silly currentTree +-- multipipe@0.1.2
82 silly currentTree +-- mz@2.6.0
82 silly currentTree +-- negotiator@0.6.1
82 silly currentTree +-- nested-error-stacks@1.0.2
82 silly currentTree +-- nocache@2.0.0
82 silly currentTree +-- nodemon@1.11.0
82 silly currentTree +-- nopt@1.0.10
82 silly currentTree +-- normalize-path@2.1.1
82 silly currentTree +-- number-is-nan@1.0.1
82 silly currentTree +-- object-assign@4.1.1
82 silly currentTree +-- object.omit@2.0.1
82 silly currentTree +-- on-finished@2.3.0
82 silly currentTree +-- once@1.4.0
82 silly currentTree +-- only@0.0.2
82 silly currentTree +-- os-homedir@1.0.2
82 silly currentTree +-- os-tmpdir@1.0.2
82 silly currentTree +-- osenv@0.1.4
82 silly currentTree +-- output-file-sync@1.1.2
82 silly currentTree +-- package-json@1.2.0
82 silly currentTree +-- parse-glob@3.0.4
82 silly currentTree +-- parseurl@1.3.1
82 silly currentTree +-- passthrough-counter@1.0.0
82 silly currentTree +-- path-is-absolute@1.0.1
82 silly currentTree +-- path-to-regexp@1.7.0
82 silly currentTree +-- pause-stream@0.0.11
82 silly currentTree +-- pinkie-promise@2.0.1
82 silly currentTree +-- pinkie@2.0.4
82 silly currentTree +-- platform@1.3.3
82 silly currentTree +-- prepend-http@1.0.4
82 silly currentTree +-- preserve@0.2.0
82 silly currentTree +-- private@0.1.7
82 silly currentTree +-- process-nextick-args@1.0.7
82 silly currentTree +-- ps-tree@1.1.0
82 silly currentTree +-- qs@4.0.0
82 silly currentTree +-- randomatic@1.1.6
82 silly currentTree +-- raw-body@2.1.7
82 silly currentTree +-- rc@1.2.1
82 silly currentTree | `-- minimist@1.2.0
82 silly currentTree +-- read-all-stream@3.1.0
82 silly currentTree +-- readable-stream@2.2.9
82 silly currentTree | `-- isarray@1.0.0
82 silly currentTree +-- readdirp@2.1.0
82 silly currentTree +-- referrer-policy@1.1.0
82 silly currentTree +-- regenerate@1.3.2
82 silly currentTree +-- regenerator-runtime@0.10.4
82 silly currentTree +-- regenerator-transform@0.9.11
82 silly currentTree +-- regex-cache@0.4.3
82 silly currentTree +-- regexpu-core@2.0.0
82 silly currentTree +-- registry-url@3.1.0
82 silly currentTree +-- regjsgen@0.2.0
82 silly currentTree +-- regjsparser@0.1.5
82 silly currentTree | `-- jsesc@0.5.0
82 silly currentTree +-- remove-trailing-separator@1.0.1
82 silly currentTree +-- repeat-element@1.1.2
82 silly currentTree +-- repeat-string@1.6.1
82 silly currentTree +-- repeating@2.0.1
82 silly currentTree +-- replace-ext@0.0.1
82 silly currentTree +-- resolve-path@1.3.3
82 silly currentTree | +-- http-errors@1.5.1
82 silly currentTree | +-- inherits@2.0.3
82 silly currentTree | `-- setprototypeof@1.0.2
82 silly currentTree +-- rethinkdb@2.3.3
82 silly currentTree | `-- bluebird@2.11.0
82 silly currentTree +-- semver-diff@2.1.0
82 silly currentTree +-- semver@5.3.0
82 silly currentTree +-- set-immediate-shim@1.0.1
82 silly currentTree +-- setprototypeof@1.0.3
82 silly currentTree +-- slash@1.0.0
82 silly currentTree +-- slide@1.1.6
82 silly currentTree +-- source-map-support@0.4.14
82 silly currentTree +-- source-map@0.5.6
82 silly currentTree +-- sparkles@1.0.0
82 silly currentTree +-- split@0.3.3
82 silly currentTree +-- statuses@1.3.1
82 silly currentTree +-- stream-combiner@0.0.4
82 silly currentTree +-- stream-shift@1.0.0
82 silly currentTree +-- string_decoder@1.0.0
82 silly currentTree +-- string-length@1.0.1
82 silly currentTree +-- strip-ansi@3.0.1
82 silly currentTree +-- strip-json-comments@2.0.1
82 silly currentTree +-- supports-color@2.0.0
82 silly currentTree +-- thenify-all@1.6.0
82 silly currentTree +-- thenify@3.2.1
82 silly currentTree +-- through@2.3.8
82 silly currentTree +-- through2@2.0.3
82 silly currentTree +-- time-stamp@1.0.1
82 silly currentTree +-- timed-out@2.0.0
82 silly currentTree +-- tmp@0.0.31
82 silly currentTree +-- to-fast-properties@1.0.2
82 silly currentTree +-- touch@1.0.0
82 silly currentTree +-- trim-right@1.0.1
82 silly currentTree +-- type-is@1.6.15
82 silly currentTree +-- undefsafe@0.0.3
82 silly currentTree +-- underscore@1.8.3
82 silly currentTree +-- unpipe@1.0.0
82 silly currentTree +-- update-notifier@0.5.0
82 silly currentTree | `-- repeating@1.1.3
82 silly currentTree +-- user-home@1.1.1
82 silly currentTree +-- useragent@2.1.13
82 silly currentTree +-- util-deprecate@1.0.2
82 silly currentTree +-- utils-merge@1.0.0
82 silly currentTree +-- uuid@2.0.3
82 silly currentTree +-- v8flags@2.1.1
82 silly currentTree +-- vary@1.1.1
82 silly currentTree +-- vinyl-sourcemaps-apply@0.2.1
82 silly currentTree +-- vinyl@0.5.3
82 silly currentTree +-- wrappy@1.0.2
82 silly currentTree +-- write-file-atomic@1.3.4
82 silly currentTree +-- x-xss-protection@1.0.0
82 silly currentTree +-- xdg-basedir@2.0.0
82 silly currentTree `-- xtend@4.0.1
83 silly idealTree app@1.0.0
83 silly idealTree +-- abbrev@1.1.0
83 silly idealTree +-- accepts@1.3.3
83 silly idealTree +-- ansi-regex@2.1.1
83 silly idealTree +-- ansi-styles@2.2.1
83 silly idealTree +-- any-promise@1.3.0
83 silly idealTree +-- anymatch@1.3.0
83 silly idealTree +-- appscript@0.1.0
83 silly idealTree | +-- abbrev@1.1.0
83 silly idealTree | +-- accepts@1.3.3
83 silly idealTree | +-- ansi-regex@2.1.1
83 silly idealTree | +-- ansi-styles@2.2.1
83 silly idealTree | +-- any-promise@1.3.0
83 silly idealTree | +-- anymatch@1.3.0
83 silly idealTree | +-- arr-diff@2.0.0
83 silly idealTree | +-- arr-flatten@1.0.3
83 silly idealTree | +-- array-differ@1.0.0
83 silly idealTree | +-- array-uniq@1.0.3
83 silly idealTree | +-- array-unique@0.2.1
83 silly idealTree | +-- arrify@1.0.1
83 silly idealTree | +-- async-each@1.0.1
83 silly idealTree | +-- babel-cli@6.24.1
83 silly idealTree | +-- babel-code-frame@6.22.0
83 silly idealTree | +-- babel-core@6.24.1
83 silly idealTree | +-- babel-generator@6.24.1
83 silly idealTree | +-- babel-helper-bindify-decorators@6.24.1
83 silly idealTree | +-- babel-helper-builder-binary-assignment-operator-visitor@6.24.1
83 silly idealTree | +-- babel-helper-call-delegate@6.24.1
83 silly idealTree | +-- babel-helper-define-map@6.24.1
83 silly idealTree | +-- babel-helper-explode-assignable-expression@6.24.1
83 silly idealTree | +-- babel-helper-explode-class@6.24.1
83 silly idealTree | +-- babel-helper-function-name@6.24.1
83 silly idealTree | +-- babel-helper-get-function-arity@6.24.1
83 silly idealTree | +-- babel-helper-hoist-variables@6.24.1
83 silly idealTree | +-- babel-helper-optimise-call-expression@6.24.1
83 silly idealTree | +-- babel-helper-regex@6.24.1
83 silly idealTree | +-- babel-helper-remap-async-to-generator@6.24.1
83 silly idealTree | +-- babel-helper-replace-supers@6.24.1
83 silly idealTree | +-- babel-helpers@6.24.1
83 silly idealTree | +-- babel-messages@6.23.0
83 silly idealTree | +-- babel-plugin-add-module-exports@0.2.1
83 silly idealTree | +-- babel-plugin-check-es2015-constants@6.22.0
83 silly idealTree | +-- babel-plugin-syntax-async-functions@6.13.0
83 silly idealTree | +-- babel-plugin-syntax-async-generators@6.13.0
83 silly idealTree | +-- babel-plugin-syntax-class-constructor-call@6.18.0
83 silly idealTree | +-- babel-plugin-syntax-class-properties@6.13.0
83 silly idealTree | +-- babel-plugin-syntax-decorators@6.13.0
83 silly idealTree | +-- babel-plugin-syntax-do-expressions@6.13.0
83 silly idealTree | +-- babel-plugin-syntax-dynamic-import@6.18.0
83 silly idealTree | +-- babel-plugin-syntax-exponentiation-operator@6.13.0
83 silly idealTree | +-- babel-plugin-syntax-export-extensions@6.13.0
83 silly idealTree | +-- babel-plugin-syntax-function-bind@6.13.0
83 silly idealTree | +-- babel-plugin-syntax-object-rest-spread@6.13.0
83 silly idealTree | +-- babel-plugin-syntax-trailing-function-commas@6.22.0
83 silly idealTree | +-- babel-plugin-transform-async-generator-functions@6.24.1
83 silly idealTree | +-- babel-plugin-transform-async-to-generator@6.24.1
83 silly idealTree | +-- babel-plugin-transform-class-constructor-call@6.24.1
83 silly idealTree | +-- babel-plugin-transform-class-properties@6.24.1
83 silly idealTree | +-- babel-plugin-transform-decorators@6.24.1
83 silly idealTree | +-- babel-plugin-transform-do-expressions@6.22.0
83 silly idealTree | +-- babel-plugin-transform-es2015-arrow-functions@6.22.0
83 silly idealTree | +-- babel-plugin-transform-es2015-block-scoped-functions@6.22.0
83 silly idealTree | +-- babel-plugin-transform-es2015-block-scoping@6.24.1
83 silly idealTree | +-- babel-plugin-transform-es2015-classes@6.24.1
83 silly idealTree | +-- babel-plugin-transform-es2015-computed-properties@6.24.1
83 silly idealTree | +-- babel-plugin-transform-es2015-destructuring@6.23.0
83 silly idealTree | +-- babel-plugin-transform-es2015-duplicate-keys@6.24.1
83 silly idealTree | +-- babel-plugin-transform-es2015-for-of@6.23.0
83 silly idealTree | +-- babel-plugin-transform-es2015-function-name@6.24.1
83 silly idealTree | +-- babel-plugin-transform-es2015-literals@6.22.0
83 silly idealTree | +-- babel-plugin-transform-es2015-modules-amd@6.24.1
83 silly idealTree | +-- babel-plugin-transform-es2015-modules-commonjs@6.24.1
83 silly idealTree | +-- babel-plugin-transform-es2015-modules-systemjs@6.24.1
83 silly idealTree | +-- babel-plugin-transform-es2015-modules-umd@6.24.1
83 silly idealTree | +-- babel-plugin-transform-es2015-object-super@6.24.1
83 silly idealTree | +-- babel-plugin-transform-es2015-parameters@6.24.1
83 silly idealTree | +-- babel-plugin-transform-es2015-shorthand-properties@6.24.1
83 silly idealTree | +-- babel-plugin-transform-es2015-spread@6.22.0
83 silly idealTree | +-- babel-plugin-transform-es2015-sticky-regex@6.24.1
83 silly idealTree | +-- babel-plugin-transform-es2015-template-literals@6.22.0
83 silly idealTree | +-- babel-plugin-transform-es2015-typeof-symbol@6.23.0
83 silly idealTree | +-- babel-plugin-transform-es2015-unicode-regex@6.24.1
83 silly idealTree | +-- babel-plugin-transform-exponentiation-operator@6.24.1
83 silly idealTree | +-- babel-plugin-transform-export-extensions@6.22.0
83 silly idealTree | +-- babel-plugin-transform-function-bind@6.22.0
83 silly idealTree | +-- babel-plugin-transform-object-rest-spread@6.23.0
83 silly idealTree | +-- babel-plugin-transform-regenerator@6.24.1
83 silly idealTree | +-- babel-plugin-transform-runtime@6.23.0
83 silly idealTree | +-- babel-plugin-transform-strict-mode@6.24.1
83 silly idealTree | +-- babel-polyfill@6.23.0
83 silly idealTree | +-- babel-preset-es2015@6.24.1
83 silly idealTree | +-- babel-preset-node6@11.0.0
83 silly idealTree | +-- babel-preset-stage-0@6.24.1
83 silly idealTree | +-- babel-preset-stage-1@6.24.1
83 silly idealTree | +-- babel-preset-stage-2@6.24.1
83 silly idealTree | +-- babel-preset-stage-3@6.24.1
83 silly idealTree | +-- babel-register@6.24.1
83 silly idealTree | +-- babel-runtime@6.23.0
83 silly idealTree | +-- babel-template@6.24.1
83 silly idealTree | +-- babel-traverse@6.24.1
83 silly idealTree | +-- babel-types@6.24.1
83 silly idealTree | +-- babylon@6.17.0
83 silly idealTree | +-- balanced-match@0.4.2
83 silly idealTree | +-- beeper@1.1.1
83 silly idealTree | +-- binary-extensions@1.8.0
83 silly idealTree | +-- brace-expansion@1.1.7
83 silly idealTree | +-- braces@1.8.5
83 silly idealTree | +-- buffer-shims@1.0.0
83 silly idealTree | +-- bytes@2.4.0
83 silly idealTree | +-- camelize@1.0.0
83 silly idealTree | +-- chalk@1.1.3
83 silly idealTree | +-- chokidar@1.6.1
83 silly idealTree | +-- clone-stats@0.0.1
83 silly idealTree | +-- clone@1.0.2
83 silly idealTree | +-- co-body@4.2.0
83 silly idealTree | +-- co@4.6.0
83 silly idealTree | +-- colors@1.1.2
83 silly idealTree | +-- commander@2.9.0
83 silly idealTree | +-- compressible@2.0.10
83 silly idealTree | +-- concat-map@0.0.1
83 silly idealTree | +-- configstore@1.4.0
83 silly idealTree | +-- connect@3.6.0
83 silly idealTree | | +-- debug@2.6.1
83 silly idealTree | | `-- ms@0.7.2
83 silly idealTree | +-- content-disposition@0.5.2
83 silly idealTree | +-- content-security-policy-builder@1.1.0
83 silly idealTree | +-- content-type@1.0.2
83 silly idealTree | +-- convert-source-map@1.5.0
83 silly idealTree | +-- cookies@0.7.0
83 silly idealTree | +-- copy-to@2.0.1
83 silly idealTree | +-- core-js@2.4.1
83 silly idealTree | +-- core-util-is@1.0.2
83 silly idealTree | +-- dasherize@2.0.0
83 silly idealTree | +-- dashify@0.2.2
83 silly idealTree | +-- dateformat@2.0.0
83 silly idealTree | +-- debug@2.6.6
83 silly idealTree | +-- deep-equal@1.0.1
83 silly idealTree | +-- deep-extend@0.4.1
83 silly idealTree | +-- delegates@1.0.0
83 silly idealTree | +-- depd@1.1.0
83 silly idealTree | +-- destroy@1.0.4
83 silly idealTree | +-- detect-indent@4.0.0
83 silly idealTree | +-- dns-prefetch-control@0.1.0
83 silly idealTree | +-- dont-sniff-mimetype@1.0.0
83 silly idealTree | +-- duplexer@0.1.1
83 silly idealTree | +-- duplexer2@0.0.2
83 silly idealTree | | +-- readable-stream@1.1.14
83 silly idealTree | | `-- string_decoder@0.10.31
83 silly idealTree | +-- duplexify@3.5.0
83 silly idealTree | +-- ee-first@1.1.1
83 silly idealTree | +-- encodeurl@1.0.1
83 silly idealTree | +-- end-of-stream@1.0.0
83 silly idealTree | | `-- once@1.3.3
83 silly idealTree | +-- error-inject@1.0.0
83 silly idealTree | +-- es6-promise@3.3.1
83 silly idealTree | +-- escape-html@1.0.3
83 silly idealTree | +-- escape-string-regexp@1.0.5
83 silly idealTree | +-- esutils@2.0.2
83 silly idealTree | +-- etag@1.8.0
83 silly idealTree | +-- event-stream@3.3.4
83 silly idealTree | +-- expand-brackets@0.1.5
83 silly idealTree | +-- expand-range@1.8.2
83 silly idealTree | +-- extglob@0.3.2
83 silly idealTree | +-- fancy-log@1.3.0
83 silly idealTree | +-- filename-regex@2.0.1
83 silly idealTree | +-- fill-range@2.2.3
83 silly idealTree | +-- finalhandler@1.0.0
83 silly idealTree | | +-- debug@2.6.1
83 silly idealTree | | `-- ms@0.7.2
83 silly idealTree | +-- for-in@1.0.2
83 silly idealTree | +-- for-own@0.1.5
83 silly idealTree | +-- frameguard@3.0.0
83 silly idealTree | +-- fresh@0.5.0
83 silly idealTree | +-- from@0.1.7
83 silly idealTree | +-- fs-readdir-recursive@1.0.0
83 silly idealTree | +-- fs.realpath@1.0.0
83 silly idealTree | +-- glob-base@0.3.0
83 silly idealTree | +-- glob-parent@2.0.0
83 silly idealTree | +-- glob@7.1.1
83 silly idealTree | +-- globals@9.17.0
83 silly idealTree | +-- glogg@1.0.0
83 silly idealTree | +-- got@3.3.1
83 silly idealTree | | `-- object-assign@3.0.0
83 silly idealTree | +-- graceful-fs@4.1.11
83 silly idealTree | +-- graceful-readlink@1.0.1
83 silly idealTree | +-- gulp-babel@6.1.2
83 silly idealTree | +-- gulp-util@3.0.8
83 silly idealTree | | +-- minimist@1.2.0
83 silly idealTree | | `-- object-assign@3.0.0
83 silly idealTree | +-- gulplog@1.0.0
83 silly idealTree | +-- has-ansi@2.0.0
83 silly idealTree | +-- has-gulplog@0.1.0
83 silly idealTree | +-- helmet-csp@2.4.0
83 silly idealTree | +-- helmet@3.5.0
83 silly idealTree | +-- hide-powered-by@1.0.0
83 silly idealTree | +-- home-or-tmp@2.0.0
83 silly idealTree | +-- hpkp@2.0.0
83 silly idealTree | +-- hsts@2.0.0
83 silly idealTree | +-- http-assert@1.2.0
83 silly idealTree | | `-- http-errors@1.4.0
83 silly idealTree | +-- http-errors@1.6.1
83 silly idealTree | | `-- inherits@2.0.3
83 silly idealTree | +-- humanize-number@0.0.2
83 silly idealTree | +-- iconv-lite@0.4.13
83 silly idealTree | +-- ienoopen@1.0.0
83 silly idealTree | +-- ignore-by-default@1.0.1
83 silly idealTree | +-- imurmurhash@0.1.4
83 silly idealTree | +-- infinity-agent@2.0.3
83 silly idealTree | +-- inflation@2.0.0
83 silly idealTree | +-- inflight@1.0.6
83 silly idealTree | +-- inherits@2.0.1
83 silly idealTree | +-- ini@1.3.4
83 silly idealTree | +-- invariant@2.2.2
83 silly idealTree | +-- is-binary-path@1.0.1
83 silly idealTree | +-- is-buffer@1.1.5
83 silly idealTree | +-- is-dotfile@1.0.2
83 silly idealTree | +-- is-equal-shallow@0.1.3
83 silly idealTree | +-- is-extendable@0.1.1
83 silly idealTree | +-- is-extglob@1.0.0
83 silly idealTree | +-- is-finite@1.0.2
83 silly idealTree | +-- is-generator-function@1.0.6
83 silly idealTree | +-- is-glob@2.0.1
83 silly idealTree | +-- is-npm@1.0.0
83 silly idealTree | +-- is-number@2.1.0
83 silly idealTree | +-- is-posix-bracket@0.1.1
83 silly idealTree | +-- is-primitive@2.0.0
83 silly idealTree | +-- is-redirect@1.0.0
83 silly idealTree | +-- is-stream@1.1.0
83 silly idealTree | +-- isarray@0.0.1
83 silly idealTree | +-- isobject@2.1.0
83 silly idealTree | | `-- isarray@1.0.0
83 silly idealTree | +-- js-tokens@3.0.1
83 silly idealTree | +-- jsesc@1.3.0
83 silly idealTree | +-- json5@0.5.1
83 silly idealTree | +-- kcors@1.3.2
83 silly idealTree | +-- keygrip@1.0.1
83 silly idealTree | +-- kind-of@3.2.0
83 silly idealTree | +-- koa-bodyparser@3.2.0
83 silly idealTree | +-- koa-compose@3.2.1
83 silly idealTree | +-- koa-compress@2.0.0
83 silly idealTree | +-- koa-convert@1.2.0
83 silly idealTree | +-- koa-helmet@3.1.0
83 silly idealTree | +-- koa-is-json@1.0.0
83 silly idealTree | +-- koa-json-error@3.1.2
83 silly idealTree | +-- koa-logger@2.0.1
83 silly idealTree | | `-- bytes@1.0.0
83 silly idealTree | +-- koa-mount@2.0.0
83 silly idealTree | +-- koa-response-time@2.0.0
83 silly idealTree | +-- koa-router@7.1.1
83 silly idealTree | +-- koa-send@3.3.0
83 silly idealTree | +-- koa-sendfile@2.0.0
83 silly idealTree | +-- koa-server-push@0.1.0
83 silly idealTree | +-- koa-session@3.4.0
83 silly idealTree | +-- koa-sslify@2.1.1
83 silly idealTree | +-- koa-static@3.0.0
83 silly idealTree | +-- koa@2.2.0
83 silly idealTree | +-- latest-version@1.0.1
83 silly idealTree | +-- lodash._baseassign@3.2.0
83 silly idealTree | +-- lodash._basecopy@3.0.1
83 silly idealTree | +-- lodash._basetostring@3.0.1
83 silly idealTree | +-- lodash._basevalues@3.0.0
83 silly idealTree | +-- lodash._bindcallback@3.0.1
83 silly idealTree | +-- lodash._createassigner@3.1.1
83 silly idealTree | +-- lodash._getnative@3.9.1
83 silly idealTree | +-- lodash._isiterateecall@3.0.9
83 silly idealTree | +-- lodash._reescape@3.0.0
83 silly idealTree | +-- lodash._reevaluate@3.0.0
83 silly idealTree | +-- lodash._reinterpolate@3.0.0
83 silly idealTree | +-- lodash._root@3.0.1
83 silly idealTree | +-- lodash.assign@3.2.0
83 silly idealTree | +-- lodash.compact@3.0.1
83 silly idealTree | +-- lodash.curry@4.1.1
83 silly idealTree | +-- lodash.defaults@3.1.2
83 silly idealTree | +-- lodash.escape@3.2.0
83 silly idealTree | +-- lodash.isarguments@3.1.0
83 silly idealTree | +-- lodash.isarray@3.0.4
83 silly idealTree | +-- lodash.keys@3.1.2
83 silly idealTree | +-- lodash.reduce@4.6.0
83 silly idealTree | +-- lodash.restparam@3.6.1
83 silly idealTree | +-- lodash.template@3.6.2
83 silly idealTree | +-- lodash.templatesettings@3.1.1
83 silly idealTree | +-- lodash@4.17.4
83 silly idealTree | +-- loose-envify@1.3.1
83 silly idealTree | +-- lowercase-keys@1.0.0
83 silly idealTree | +-- lru-cache@2.2.4
83 silly idealTree | +-- map-stream@0.1.0
83 silly idealTree | +-- media-typer@0.3.0
83 silly idealTree | +-- methods@1.1.2
83 silly idealTree | +-- micromatch@2.3.11
83 silly idealTree | +-- mime-db@1.27.0
83 silly idealTree | +-- mime-types@2.1.15
83 silly idealTree | +-- minimatch@3.0.3
83 silly idealTree | +-- minimist@0.0.8
83 silly idealTree | +-- mixwith@0.1.1
83 silly idealTree | +-- mkdirp@0.5.1
83 silly idealTree | +-- ms@0.7.3
83 silly idealTree | +-- multipipe@0.1.2
83 silly idealTree | +-- mz@2.6.0
83 silly idealTree | +-- negotiator@0.6.1
83 silly idealTree | +-- nested-error-stacks@1.0.2
83 silly idealTree | +-- nocache@2.0.0
83 silly idealTree | +-- nodemon@1.11.0
83 silly idealTree | +-- nopt@1.0.10
83 silly idealTree | +-- normalize-path@2.1.1
83 silly idealTree | +-- number-is-nan@1.0.1
83 silly idealTree | +-- object-assign@4.1.1
83 silly idealTree | +-- object.omit@2.0.1
83 silly idealTree | +-- on-finished@2.3.0
83 silly idealTree | +-- once@1.4.0
83 silly idealTree | +-- only@0.0.2
83 silly idealTree | +-- os-homedir@1.0.2
83 silly idealTree | +-- os-tmpdir@1.0.2
83 silly idealTree | +-- osenv@0.1.4
83 silly idealTree | +-- output-file-sync@1.1.2
83 silly idealTree | +-- package-json@1.2.0
83 silly idealTree | +-- parse-glob@3.0.4
83 silly idealTree | +-- parseurl@1.3.1
83 silly idealTree | +-- passthrough-counter@1.0.0
83 silly idealTree | +-- path-is-absolute@1.0.1
83 silly idealTree | +-- path-to-regexp@1.7.0
83 silly idealTree | +-- pause-stream@0.0.11
83 silly idealTree | +-- pinkie-promise@2.0.1
83 silly idealTree | +-- pinkie@2.0.4
83 silly idealTree | +-- platform@1.3.3
83 silly idealTree | +-- prepend-http@1.0.4
83 silly idealTree | +-- preserve@0.2.0
83 silly idealTree | +-- private@0.1.7
83 silly idealTree | +-- process-nextick-args@1.0.7
83 silly idealTree | +-- ps-tree@1.1.0
83 silly idealTree | +-- qs@4.0.0
83 silly idealTree | +-- randomatic@1.1.6
83 silly idealTree | +-- raw-body@2.1.7
83 silly idealTree | +-- rc@1.2.1
83 silly idealTree | | `-- minimist@1.2.0
83 silly idealTree | +-- read-all-stream@3.1.0
83 silly idealTree | +-- readable-stream@2.2.9
83 silly idealTree | | `-- isarray@1.0.0
83 silly idealTree | +-- readdirp@2.1.0
83 silly idealTree | +-- referrer-policy@1.1.0
83 silly idealTree | +-- regenerate@1.3.2
83 silly idealTree | +-- regenerator-runtime@0.10.5
83 silly idealTree | +-- regenerator-transform@0.9.11
83 silly idealTree | +-- regex-cache@0.4.3
83 silly idealTree | +-- regexpu-core@2.0.0
83 silly idealTree | +-- registry-url@3.1.0
83 silly idealTree | +-- regjsgen@0.2.0
83 silly idealTree | +-- regjsparser@0.1.5
83 silly idealTree | | `-- jsesc@0.5.0
83 silly idealTree | +-- remove-trailing-separator@1.0.1
83 silly idealTree | +-- repeat-element@1.1.2
83 silly idealTree | +-- repeat-string@1.6.1
83 silly idealTree | +-- repeating@2.0.1
83 silly idealTree | +-- replace-ext@0.0.1
83 silly idealTree | +-- resolve-path@1.3.3
83 silly idealTree | | +-- http-errors@1.5.1
83 silly idealTree | | +-- inherits@2.0.3
83 silly idealTree | | `-- setprototypeof@1.0.2
83 silly idealTree | +-- semver-diff@2.1.0
83 silly idealTree | +-- semver@5.3.0
83 silly idealTree | +-- set-immediate-shim@1.0.1
83 silly idealTree | +-- setprototypeof@1.0.3
83 silly idealTree | +-- slash@1.0.0
83 silly idealTree | +-- slide@1.1.6
83 silly idealTree | +-- source-map-support@0.4.15
83 silly idealTree | +-- source-map@0.5.6
83 silly idealTree | +-- sparkles@1.0.0
83 silly idealTree | +-- split@0.3.3
83 silly idealTree | +-- statuses@1.3.1
83 silly idealTree | +-- stream-combiner@0.0.4
83 silly idealTree | +-- stream-shift@1.0.0
83 silly idealTree | +-- string_decoder@1.0.0
83 silly idealTree | +-- string-length@1.0.1
83 silly idealTree | +-- strip-ansi@3.0.1
83 silly idealTree | +-- strip-json-comments@2.0.1
83 silly idealTree | +-- supports-color@2.0.0
83 silly idealTree | +-- thenify-all@1.6.0
83 silly idealTree | +-- thenify@3.2.1
83 silly idealTree | +-- through@2.3.8
83 silly idealTree | +-- through2@2.0.3
83 silly idealTree | +-- time-stamp@1.0.1
83 silly idealTree | +-- timed-out@2.0.0
83 silly idealTree | +-- tmp@0.0.31
83 silly idealTree | +-- to-fast-properties@1.0.2
83 silly idealTree | +-- touch@1.0.0
83 silly idealTree | +-- trim-right@1.0.1
83 silly idealTree | +-- type-is@1.6.15
83 silly idealTree | +-- undefsafe@0.0.3
83 silly idealTree | +-- underscore@1.8.3
83 silly idealTree | +-- unpipe@1.0.0
83 silly idealTree | +-- update-notifier@0.5.0
83 silly idealTree | | `-- repeating@1.1.3
83 silly idealTree | +-- user-home@1.1.1
83 silly idealTree | +-- useragent@2.1.13
83 silly idealTree | +-- util-deprecate@1.0.2
83 silly idealTree | +-- utils-merge@1.0.0
83 silly idealTree | +-- uuid@2.0.3
83 silly idealTree | +-- v8flags@2.1.1
83 silly idealTree | +-- vary@1.1.1
83 silly idealTree | +-- vinyl-sourcemaps-apply@0.2.1
83 silly idealTree | +-- vinyl@0.5.3
83 silly idealTree | +-- wrappy@1.0.2
83 silly idealTree | +-- write-file-atomic@1.3.4
83 silly idealTree | +-- x-xss-protection@1.0.0
83 silly idealTree | +-- xdg-basedir@2.0.0
83 silly idealTree | `-- xtend@4.0.1
83 silly idealTree +-- arr-diff@2.0.0
83 silly idealTree +-- arr-flatten@1.0.3
83 silly idealTree +-- array-differ@1.0.0
83 silly idealTree +-- array-uniq@1.0.3
83 silly idealTree +-- array-unique@0.2.1
83 silly idealTree +-- arrify@1.0.1
83 silly idealTree +-- async-each@1.0.1
83 silly idealTree +-- babel-cli@6.24.1
83 silly idealTree +-- babel-code-frame@6.22.0
83 silly idealTree +-- babel-core@6.24.1
83 silly idealTree +-- babel-generator@6.24.1
83 silly idealTree +-- babel-helper-bindify-decorators@6.24.1
83 silly idealTree +-- babel-helper-builder-binary-assignment-operator-visitor@6.24.1
83 silly idealTree +-- babel-helper-call-delegate@6.24.1
83 silly idealTree +-- babel-helper-define-map@6.24.1
83 silly idealTree +-- babel-helper-explode-assignable-expression@6.24.1
83 silly idealTree +-- babel-helper-explode-class@6.24.1
83 silly idealTree +-- babel-helper-function-name@6.24.1
83 silly idealTree +-- babel-helper-get-function-arity@6.24.1
83 silly idealTree +-- babel-helper-hoist-variables@6.24.1
83 silly idealTree +-- babel-helper-optimise-call-expression@6.24.1
83 silly idealTree +-- babel-helper-regex@6.24.1
83 silly idealTree +-- babel-helper-remap-async-to-generator@6.24.1
83 silly idealTree +-- babel-helper-replace-supers@6.24.1
83 silly idealTree +-- babel-helpers@6.24.1
83 silly idealTree +-- babel-messages@6.23.0
83 silly idealTree +-- babel-plugin-add-module-exports@0.2.1
83 silly idealTree +-- babel-plugin-check-es2015-constants@6.22.0
83 silly idealTree +-- babel-plugin-syntax-async-functions@6.13.0
83 silly idealTree +-- babel-plugin-syntax-async-generators@6.13.0
83 silly idealTree +-- babel-plugin-syntax-class-constructor-call@6.18.0
83 silly idealTree +-- babel-plugin-syntax-class-properties@6.13.0
83 silly idealTree +-- babel-plugin-syntax-decorators@6.13.0
83 silly idealTree +-- babel-plugin-syntax-do-expressions@6.13.0
83 silly idealTree +-- babel-plugin-syntax-dynamic-import@6.18.0
83 silly idealTree +-- babel-plugin-syntax-exponentiation-operator@6.13.0
83 silly idealTree +-- babel-plugin-syntax-export-extensions@6.13.0
83 silly idealTree +-- babel-plugin-syntax-function-bind@6.13.0
83 silly idealTree +-- babel-plugin-syntax-object-rest-spread@6.13.0
83 silly idealTree +-- babel-plugin-syntax-trailing-function-commas@6.22.0
83 silly idealTree +-- babel-plugin-transform-async-generator-functions@6.24.1
83 silly idealTree +-- babel-plugin-transform-async-to-generator@6.24.1
83 silly idealTree +-- babel-plugin-transform-class-constructor-call@6.24.1
83 silly idealTree +-- babel-plugin-transform-class-properties@6.24.1
83 silly idealTree +-- babel-plugin-transform-decorators@6.24.1
83 silly idealTree +-- babel-plugin-transform-do-expressions@6.22.0
83 silly idealTree +-- babel-plugin-transform-es2015-arrow-functions@6.22.0
83 silly idealTree +-- babel-plugin-transform-es2015-block-scoped-functions@6.22.0
83 silly idealTree +-- babel-plugin-transform-es2015-block-scoping@6.24.1
83 silly idealTree +-- babel-plugin-transform-es2015-classes@6.24.1
83 silly idealTree +-- babel-plugin-transform-es2015-computed-properties@6.24.1
83 silly idealTree +-- babel-plugin-transform-es2015-destructuring@6.23.0
83 silly idealTree +-- babel-plugin-transform-es2015-duplicate-keys@6.24.1
83 silly idealTree +-- babel-plugin-transform-es2015-for-of@6.23.0
83 silly idealTree +-- babel-plugin-transform-es2015-function-name@6.24.1
83 silly idealTree +-- babel-plugin-transform-es2015-literals@6.22.0
83 silly idealTree +-- babel-plugin-transform-es2015-modules-amd@6.24.1
83 silly idealTree +-- babel-plugin-transform-es2015-modules-commonjs@6.24.1
83 silly idealTree +-- babel-plugin-transform-es2015-modules-systemjs@6.24.1
83 silly idealTree +-- babel-plugin-transform-es2015-modules-umd@6.24.1
83 silly idealTree +-- babel-plugin-transform-es2015-object-super@6.24.1
83 silly idealTree +-- babel-plugin-transform-es2015-parameters@6.24.1
83 silly idealTree +-- babel-plugin-transform-es2015-shorthand-properties@6.24.1
83 silly idealTree +-- babel-plugin-transform-es2015-spread@6.22.0
83 silly idealTree +-- babel-plugin-transform-es2015-sticky-regex@6.24.1
83 silly idealTree +-- babel-plugin-transform-es2015-template-literals@6.22.0
83 silly idealTree +-- babel-plugin-transform-es2015-typeof-symbol@6.23.0
83 silly idealTree +-- babel-plugin-transform-es2015-unicode-regex@6.24.1
83 silly idealTree +-- babel-plugin-transform-exponentiation-operator@6.24.1
83 silly idealTree +-- babel-plugin-transform-export-extensions@6.22.0
83 silly idealTree +-- babel-plugin-transform-function-bind@6.22.0
83 silly idealTree +-- babel-plugin-transform-object-rest-spread@6.23.0
83 silly idealTree +-- babel-plugin-transform-regenerator@6.24.1
83 silly idealTree +-- babel-plugin-transform-runtime@6.23.0
83 silly idealTree +-- babel-plugin-transform-strict-mode@6.24.1
83 silly idealTree +-- babel-polyfill@6.23.0
83 silly idealTree +-- babel-preset-es2015@6.24.1
83 silly idealTree +-- babel-preset-node6@11.0.0
83 silly idealTree +-- babel-preset-stage-0@6.24.1
83 silly idealTree +-- babel-preset-stage-1@6.24.1
83 silly idealTree +-- babel-preset-stage-2@6.24.1
83 silly idealTree +-- babel-preset-stage-3@6.24.1
83 silly idealTree +-- babel-register@6.24.1
83 silly idealTree +-- babel-runtime@6.23.0
83 silly idealTree +-- babel-template@6.24.1
83 silly idealTree +-- babel-traverse@6.24.1
83 silly idealTree +-- babel-types@6.24.1
83 silly idealTree +-- babylon@6.17.0
83 silly idealTree +-- balanced-match@0.4.2
83 silly idealTree +-- beeper@1.1.1
83 silly idealTree +-- binary-extensions@1.8.0
83 silly idealTree +-- bluebird@3.5.0
83 silly idealTree +-- brace-expansion@1.1.7
83 silly idealTree +-- braces@1.8.5
83 silly idealTree +-- buffer-shims@1.0.0
83 silly idealTree +-- bytes@2.4.0
83 silly idealTree +-- camelize@1.0.0
83 silly idealTree +-- chalk@1.1.3
83 silly idealTree +-- chokidar@1.6.1
83 silly idealTree +-- clone-stats@0.0.1
83 silly idealTree +-- clone@1.0.2
83 silly idealTree +-- co-body@4.2.0
83 silly idealTree +-- co@4.6.0
83 silly idealTree +-- colors@1.1.2
83 silly idealTree +-- commander@2.9.0
83 silly idealTree +-- compressible@2.0.10
83 silly idealTree +-- concat-map@0.0.1
83 silly idealTree +-- configstore@1.4.0
83 silly idealTree +-- connect@3.6.0
83 silly idealTree | +-- debug@2.6.1
83 silly idealTree | `-- ms@0.7.2
83 silly idealTree +-- consolidate@0.14.5
83 silly idealTree +-- content-disposition@0.5.2
83 silly idealTree +-- content-security-policy-builder@1.1.0
83 silly idealTree +-- content-type@1.0.2
83 silly idealTree +-- convert-source-map@1.5.0
83 silly idealTree +-- cookies@0.7.0
83 silly idealTree +-- copy-to@2.0.1
83 silly idealTree +-- core-js@2.4.1
83 silly idealTree +-- core-util-is@1.0.2
83 silly idealTree +-- dasherize@2.0.0
83 silly idealTree +-- dashify@0.2.2
83 silly idealTree +-- dateformat@2.0.0
83 silly idealTree +-- debug@2.6.4
83 silly idealTree +-- deep-equal@1.0.1
83 silly idealTree +-- deep-extend@0.4.1
83 silly idealTree +-- delegates@1.0.0
83 silly idealTree +-- depd@1.1.0
83 silly idealTree +-- destroy@1.0.4
83 silly idealTree +-- detect-indent@4.0.0
83 silly idealTree +-- dns-prefetch-control@0.1.0
83 silly idealTree +-- dont-sniff-mimetype@1.0.0
83 silly idealTree +-- duplexer@0.1.1
83 silly idealTree +-- duplexer2@0.0.2
83 silly idealTree | +-- readable-stream@1.1.14
83 silly idealTree | `-- string_decoder@0.10.31
83 silly idealTree +-- duplexify@3.5.0
83 silly idealTree +-- ee-first@1.1.1
83 silly idealTree +-- encodeurl@1.0.1
83 silly idealTree +-- end-of-stream@1.0.0
83 silly idealTree | `-- once@1.3.3
83 silly idealTree +-- error-inject@1.0.0
83 silly idealTree +-- es6-promise@3.3.1
83 silly idealTree +-- escape-html@1.0.3
83 silly idealTree +-- escape-string-regexp@1.0.5
83 silly idealTree +-- esutils@2.0.2
83 silly idealTree +-- etag@1.8.0
83 silly idealTree +-- event-stream@3.3.4
83 silly idealTree +-- expand-brackets@0.1.5
83 silly idealTree +-- expand-range@1.8.2
83 silly idealTree +-- extglob@0.3.2
83 silly idealTree +-- fancy-log@1.3.0
83 silly idealTree +-- filename-regex@2.0.0
83 silly idealTree +-- fill-range@2.2.3
83 silly idealTree +-- finalhandler@1.0.0
83 silly idealTree | +-- debug@2.6.1
83 silly idealTree | `-- ms@0.7.2
83 silly idealTree +-- for-in@1.0.2
83 silly idealTree +-- for-own@0.1.5
83 silly idealTree +-- frameguard@3.0.0
83 silly idealTree +-- fresh@0.5.0
83 silly idealTree +-- from@0.1.7
83 silly idealTree +-- fs-readdir-recursive@1.0.0
83 silly idealTree +-- fs.realpath@1.0.0
83 silly idealTree +-- glob-base@0.3.0
83 silly idealTree +-- glob-parent@2.0.0
83 silly idealTree +-- glob@7.1.1
83 silly idealTree +-- globals@9.17.0
83 silly idealTree +-- glogg@1.0.0
83 silly idealTree +-- got@3.3.1
83 silly idealTree | `-- object-assign@3.0.0
83 silly idealTree +-- graceful-fs@4.1.11
83 silly idealTree +-- graceful-readlink@1.0.1
83 silly idealTree +-- gulp-babel@6.1.2
83 silly idealTree +-- gulp-util@3.0.8
83 silly idealTree | +-- minimist@1.2.0
83 silly idealTree | `-- object-assign@3.0.0
83 silly idealTree +-- gulplog@1.0.0
83 silly idealTree +-- has-ansi@2.0.0
83 silly idealTree +-- has-gulplog@0.1.0
83 silly idealTree +-- helmet-csp@2.4.0
83 silly idealTree +-- helmet@3.5.0
83 silly idealTree +-- hide-powered-by@1.0.0
83 silly idealTree +-- home-or-tmp@2.0.0
83 silly idealTree +-- hpkp@2.0.0
83 silly idealTree +-- hsts@2.0.0
83 silly idealTree +-- http-assert@1.2.0
83 silly idealTree | `-- http-errors@1.4.0
83 silly idealTree +-- http-errors@1.6.1
83 silly idealTree | `-- inherits@2.0.3
83 silly idealTree +-- humanize-number@0.0.2
83 silly idealTree +-- iconv-lite@0.4.13
83 silly idealTree +-- ienoopen@1.0.0
83 silly idealTree +-- ignore-by-default@1.0.1
83 silly idealTree +-- imurmurhash@0.1.4
83 silly idealTree +-- infinity-agent@2.0.3
83 silly idealTree +-- inflation@2.0.0
83 silly idealTree +-- inflight@1.0.6
83 silly idealTree +-- inherits@2.0.1
83 silly idealTree +-- ini@1.3.4
83 silly idealTree +-- invariant@2.2.2
83 silly idealTree +-- is-binary-path@1.0.1
83 silly idealTree +-- is-buffer@1.1.5
83 silly idealTree +-- is-dotfile@1.0.2
83 silly idealTree +-- is-equal-shallow@0.1.3
83 silly idealTree +-- is-extendable@0.1.1
83 silly idealTree +-- is-extglob@1.0.0
83 silly idealTree +-- is-finite@1.0.2
83 silly idealTree +-- is-generator-function@1.0.6
83 silly idealTree +-- is-glob@2.0.1
83 silly idealTree +-- is-npm@1.0.0
83 silly idealTree +-- is-number@2.1.0
83 silly idealTree +-- is-posix-bracket@0.1.1
83 silly idealTree +-- is-primitive@2.0.0
83 silly idealTree +-- is-redirect@1.0.0
83 silly idealTree +-- is-stream@1.1.0
83 silly idealTree +-- isarray@0.0.1
83 silly idealTree +-- isobject@2.1.0
83 silly idealTree | `-- isarray@1.0.0
83 silly idealTree +-- js-tokens@3.0.1
83 silly idealTree +-- jsesc@1.3.0
83 silly idealTree +-- json5@0.5.1
83 silly idealTree +-- jsonfn@0.31.0
83 silly idealTree +-- kcors@1.3.2
83 silly idealTree +-- keygrip@1.0.1
83 silly idealTree +-- kind-of@3.2.0
83 silly idealTree +-- koa-bodyparser@3.2.0
83 silly idealTree +-- koa-compose@3.2.1
83 silly idealTree +-- koa-compress@2.0.0
83 silly idealTree +-- koa-convert@1.2.0
83 silly idealTree | `-- koa-compose@3.2.1
83 silly idealTree +-- koa-helmet@3.1.0
83 silly idealTree +-- koa-is-json@1.0.0
83 silly idealTree +-- koa-json-error@3.1.2
83 silly idealTree +-- koa-logger@2.0.1
83 silly idealTree | `-- bytes@1.0.0
83 silly idealTree +-- koa-mount@2.0.0
83 silly idealTree | `-- koa-compose@3.2.1
83 silly idealTree +-- koa-response-time@2.0.0
83 silly idealTree +-- koa-router@7.1.1
83 silly idealTree +-- koa-send@3.3.0
83 silly idealTree +-- koa-sendfile@2.0.0
83 silly idealTree +-- koa-server-push@0.1.0
83 silly idealTree +-- koa-session@3.4.0
83 silly idealTree +-- koa-sslify@2.1.1
83 silly idealTree +-- koa-static@3.0.0
83 silly idealTree +-- koa-views@6.0.2
83 silly idealTree | `-- koa-send@4.1.0
83 silly idealTree +-- koa@2.2.0
83 silly idealTree +-- latest-version@1.0.1
83 silly idealTree +-- lodash._baseassign@3.2.0
83 silly idealTree +-- lodash._basecopy@3.0.1
83 silly idealTree +-- lodash._basetostring@3.0.1
83 silly idealTree +-- lodash._basevalues@3.0.0
83 silly idealTree +-- lodash._bindcallback@3.0.1
83 silly idealTree +-- lodash._createassigner@3.1.1
83 silly idealTree +-- lodash._getnative@3.9.1
83 silly idealTree +-- lodash._isiterateecall@3.0.9
83 silly idealTree +-- lodash._reescape@3.0.0
83 silly idealTree +-- lodash._reevaluate@3.0.0
83 silly idealTree +-- lodash._reinterpolate@3.0.0
83 silly idealTree +-- lodash._root@3.0.1
83 silly idealTree +-- lodash.assign@3.2.0
83 silly idealTree +-- lodash.compact@3.0.1
83 silly idealTree +-- lodash.curry@4.1.1
83 silly idealTree +-- lodash.defaults@3.1.2
83 silly idealTree +-- lodash.escape@3.2.0
83 silly idealTree +-- lodash.isarguments@3.1.0
83 silly idealTree +-- lodash.isarray@3.0.4
83 silly idealTree +-- lodash.keys@3.1.2
83 silly idealTree +-- lodash.reduce@4.6.0
83 silly idealTree +-- lodash.restparam@3.6.1
83 silly idealTree +-- lodash.template@3.6.2
83 silly idealTree +-- lodash.templatesettings@3.1.1
83 silly idealTree +-- lodash@4.17.4
83 silly idealTree +-- loose-envify@1.3.1
83 silly idealTree +-- lowercase-keys@1.0.0
83 silly idealTree +-- lru-cache@2.2.4
83 silly idealTree +-- map-stream@0.1.0
83 silly idealTree +-- media-typer@0.3.0
83 silly idealTree +-- methods@1.1.2
83 silly idealTree +-- micromatch@2.3.11
83 silly idealTree +-- mime-db@1.27.0
83 silly idealTree +-- mime-types@2.1.15
83 silly idealTree +-- minimatch@3.0.3
83 silly idealTree +-- minimist@0.0.8
83 silly idealTree +-- mixwith@0.1.1
83 silly idealTree +-- mkdirp@0.5.1
83 silly idealTree +-- ms@0.7.3
83 silly idealTree +-- multipipe@0.1.2
83 silly idealTree +-- mz@2.6.0
83 silly idealTree +-- negotiator@0.6.1
83 silly idealTree +-- nested-error-stacks@1.0.2
83 silly idealTree +-- nocache@2.0.0
83 silly idealTree +-- nodemon@1.11.0
83 silly idealTree +-- nopt@1.0.10
83 silly idealTree +-- normalize-path@2.1.1
83 silly idealTree +-- number-is-nan@1.0.1
83 silly idealTree +-- object-assign@4.1.1
83 silly idealTree +-- object.omit@2.0.1
83 silly idealTree +-- on-finished@2.3.0
83 silly idealTree +-- once@1.4.0
83 silly idealTree +-- only@0.0.2
83 silly idealTree +-- os-homedir@1.0.2
83 silly idealTree +-- os-tmpdir@1.0.2
83 silly idealTree +-- osenv@0.1.4
83 silly idealTree +-- output-file-sync@1.1.2
83 silly idealTree +-- package-json@1.2.0
83 silly idealTree +-- parse-glob@3.0.4
83 silly idealTree +-- parseurl@1.3.1
83 silly idealTree +-- passthrough-counter@1.0.0
83 silly idealTree +-- path-is-absolute@1.0.1
83 silly idealTree +-- path-to-regexp@1.7.0
83 silly idealTree +-- pause-stream@0.0.11
83 silly idealTree +-- pinkie-promise@2.0.1
83 silly idealTree +-- pinkie@2.0.4
83 silly idealTree +-- platform@1.3.3
83 silly idealTree +-- prepend-http@1.0.4
83 silly idealTree +-- preserve@0.2.0
83 silly idealTree +-- private@0.1.7
83 silly idealTree +-- process-nextick-args@1.0.7
83 silly idealTree +-- ps-tree@1.1.0
83 silly idealTree +-- qs@4.0.0
83 silly idealTree +-- randomatic@1.1.6
83 silly idealTree +-- raw-body@2.1.7
83 silly idealTree +-- rc@1.2.1
83 silly idealTree | `-- minimist@1.2.0
83 silly idealTree +-- read-all-stream@3.1.0
83 silly idealTree +-- readable-stream@2.2.9
83 silly idealTree | `-- isarray@1.0.0
83 silly idealTree +-- readdirp@2.1.0
83 silly idealTree +-- referrer-policy@1.1.0
83 silly idealTree +-- regenerate@1.3.2
83 silly idealTree +-- regenerator-runtime@0.10.4
83 silly idealTree +-- regenerator-transform@0.9.11
83 silly idealTree +-- regex-cache@0.4.3
83 silly idealTree +-- regexpu-core@2.0.0
83 silly idealTree +-- registry-url@3.1.0
83 silly idealTree +-- regjsgen@0.2.0
83 silly idealTree +-- regjsparser@0.1.5
83 silly idealTree | `-- jsesc@0.5.0
83 silly idealTree +-- remove-trailing-separator@1.0.1
83 silly idealTree +-- repeat-element@1.1.2
83 silly idealTree +-- repeat-string@1.6.1
83 silly idealTree +-- repeating@2.0.1
83 silly idealTree +-- replace-ext@0.0.1
83 silly idealTree +-- resolve-path@1.3.3
83 silly idealTree | +-- http-errors@1.5.1
83 silly idealTree | +-- inherits@2.0.3
83 silly idealTree | `-- setprototypeof@1.0.2
83 silly idealTree +-- rethinkdb@2.3.3
83 silly idealTree | `-- bluebird@2.11.0
83 silly idealTree +-- semver-diff@2.1.0
83 silly idealTree +-- semver@5.3.0
83 silly idealTree +-- set-immediate-shim@1.0.1
83 silly idealTree +-- setprototypeof@1.0.3
83 silly idealTree +-- slash@1.0.0
83 silly idealTree +-- slide@1.1.6
83 silly idealTree +-- source-map-support@0.4.14
83 silly idealTree +-- source-map@0.5.6
83 silly idealTree +-- sparkles@1.0.0
83 silly idealTree +-- split@0.3.3
83 silly idealTree +-- statuses@1.3.1
83 silly idealTree +-- stream-combiner@0.0.4
83 silly idealTree +-- stream-shift@1.0.0
83 silly idealTree +-- string_decoder@1.0.0
83 silly idealTree +-- string-length@1.0.1
83 silly idealTree +-- strip-ansi@3.0.1
83 silly idealTree +-- strip-json-comments@2.0.1
83 silly idealTree +-- supports-color@2.0.0
83 silly idealTree +-- thenify-all@1.6.0
83 silly idealTree +-- thenify@3.2.1
83 silly idealTree +-- through@2.3.8
83 silly idealTree +-- through2@2.0.3
83 silly idealTree +-- time-stamp@1.0.1
83 silly idealTree +-- timed-out@2.0.0
83 silly idealTree +-- tmp@0.0.31
83 silly idealTree +-- to-fast-properties@1.0.2
83 silly idealTree +-- touch@1.0.0
83 silly idealTree +-- trim-right@1.0.1
83 silly idealTree +-- type-is@1.6.15
83 silly idealTree +-- undefsafe@0.0.3
83 silly idealTree +-- underscore@1.8.3
83 silly idealTree +-- unpipe@1.0.0
83 silly idealTree +-- update-notifier@0.5.0
83 silly idealTree | `-- repeating@1.1.3
83 silly idealTree +-- user-home@1.1.1
83 silly idealTree +-- useragent@2.1.13
83 silly idealTree +-- util-deprecate@1.0.2
83 silly idealTree +-- utils-merge@1.0.0
83 silly idealTree +-- uuid@2.0.3
83 silly idealTree +-- v8flags@2.1.1
83 silly idealTree +-- vary@1.1.1
83 silly idealTree +-- vinyl-sourcemaps-apply@0.2.1
83 silly idealTree +-- vinyl@0.5.3
83 silly idealTree +-- wrappy@1.0.2
83 silly idealTree +-- write-file-atomic@1.3.4
83 silly idealTree +-- x-xss-protection@1.0.0
83 silly idealTree +-- xdg-basedir@2.0.0
83 silly idealTree `-- xtend@4.0.1
84 silly generateActionsToTake Starting
85 silly install generateActionsToTake
86 silly rollbackFailedOptional Starting
87 silly rollbackFailedOptional Finishing
88 silly runTopLevelLifecycles Finishing
89 silly install printInstalled
90 warn optional SKIPPING OPTIONAL DEPENDENCY: fsevents@^1.0.0 (node_modules/chokidar/node_modules/fsevents):
91 warn notsup SKIPPING OPTIONAL DEPENDENCY: Unsupported platform for fsevents@1.1.1: wanted {"os":"darwin","arch":"any"} (current: {"os":"linux","arch":"x64"})
92 verbose notsup SKIPPING OPTIONAL DEPENDENCY: Valid OS:    darwin
92 verbose notsup SKIPPING OPTIONAL DEPENDENCY: Valid Arch:  any
92 verbose notsup SKIPPING OPTIONAL DEPENDENCY: Actual OS:   linux
92 verbose notsup SKIPPING OPTIONAL DEPENDENCY: Actual Arch: x64
93 verbose stack Error: /app/serverSide/node_modules/appscript: Appears to be a git repo or submodule.
93 verbose stack     at /usr/local/lib/node_modules/npm/node_modules/npm-install-checks/index.js:137:15
93 verbose stack     at /usr/local/lib/node_modules/npm/node_modules/graceful-fs/polyfills.js:287:18
93 verbose stack     at FSReqWrap.oncomplete (fs.js:113:15)
94 verbose cwd /app/serverSide
95 error Linux 4.4.59-boot2docker
96 error argv "/usr/local/bin/node" "/usr/local/bin/npm" "install" "jsonfn"
97 error node v8.0.0-nightly201702124cafa60c99
98 error npm  v4.1.2
99 error path /app/serverSide/node_modules/appscript
100 error code EISGIT
101 error git /app/serverSide/node_modules/appscript: Appears to be a git repo or submodule.
102 error git /app/serverSide/node_modules/appscript
103 error git Refusing to remove it. Update manually,
103 error git or move it out of the way first.
104 verbose exit [ 1, true ]
